2025-01-16 14:26:35.095 [info] Added views:workbench.panel.markers.view in workbench.panel.markers
2025-01-16 14:26:35.095 [info] Added views:workbench.panel.output in workbench.panel.output
2025-01-16 14:26:35.095 [info] Added views:terminal in terminal
2025-01-16 14:26:35.095 [info] Added views:outline in workbench.view.explorer
2025-01-16 14:26:35.095 [info] Added views:workbench.scm in workbench.view.scm
2025-01-16 14:26:35.095 [info] Added views:workbench.view.search in workbench.view.search
2025-01-16 14:26:35.095 [info] Added views:timeline in workbench.view.explorer
2025-01-16 14:26:35.095 [info] Added views:workbench.explorer.emptyView in workbench.view.explorer
2025-01-16 14:26:35.520 [info] Added views:workbench.debug.welcome in workbench.view.debug
2025-01-16 14:26:36.286 [info] Added views:workbench.panel.repl.view in workbench.panel.repl
2025-01-16 14:26:36.804 [info] Added views:~remote.forwardedPorts in ~remote.forwardedPortsContainer
2025-01-16 14:27:03.040 [info] Added views:workbench.panel.markers.view in workbench.panel.markers
2025-01-16 14:27:03.040 [info] Added views:workbench.panel.output in workbench.panel.output
2025-01-16 14:27:03.040 [info] Added views:terminal in terminal
2025-01-16 14:27:03.040 [info] Added views:outline in workbench.view.explorer
2025-01-16 14:27:03.040 [info] Added views:workbench.scm in workbench.view.scm
2025-01-16 14:27:03.040 [info] Added views:workbench.view.search in workbench.view.search
2025-01-16 14:27:03.040 [info] Added views:timeline in workbench.view.explorer
2025-01-16 14:27:03.040 [info] Added views:workbench.explorer.fileView in workbench.view.explorer
2025-01-16 14:27:03.707 [info] Added views:workbench.debug.variablesView,workbench.debug.watchExpressionsView,workbench.debug.callStackView,workbench.debug.breakPointsView in workbench.view.debug
2025-01-16 14:27:03.756 [info] Added views:workbench.panel.repl.view in workbench.panel.repl
2025-01-16 14:27:03.757 [info] Removed views:workbench.debug.breakPointsView,workbench.debug.callStackView,workbench.debug.watchExpressionsView,workbench.debug.variablesView from workbench.view.debug
2025-01-16 14:27:03.757 [info] Added views:workbench.debug.welcome in workbench.view.debug
2025-01-16 14:27:03.908 [info] Added views:~remote.forwardedPorts in ~remote.forwardedPortsContainer
2025-01-16 14:27:30.497 [info] Added views:workbench.panel.markers.view in workbench.panel.markers
2025-01-16 14:27:30.497 [info] Added views:workbench.panel.output in workbench.panel.output
2025-01-16 14:27:30.497 [info] Added views:terminal in terminal
2025-01-16 14:27:30.497 [info] Added views:outline in workbench.view.explorer
2025-01-16 14:27:30.497 [info] Added views:workbench.scm in workbench.view.scm
2025-01-16 14:27:30.497 [info] Added views:workbench.view.search in workbench.view.search
2025-01-16 14:27:30.497 [info] Added views:timeline in workbench.view.explorer
2025-01-16 14:27:30.497 [info] Added views:workbench.explorer.fileView in workbench.view.explorer
2025-01-16 14:27:31.314 [info] Added views:workbench.debug.welcome in workbench.view.debug
2025-01-16 14:27:31.443 [info] Added views:workbench.panel.repl.view in workbench.panel.repl
2025-01-16 14:27:32.413 [info] Added views:~remote.forwardedPorts in ~remote.forwardedPortsContainer
