2025-01-16 13:53:25.701 [info] Log level: Info
2025-01-16 13:53:25.701 [info] Validating found git in: "git"
2025-01-16 13:53:25.701 [info] Using git "2.48.1" from "git"
2025-01-16 13:53:25.701 [info] > git rev-parse --show-toplevel [4ms]
2025-01-16 13:53:25.701 [info] > git rev-parse --git-dir --git-common-dir [4ms]
2025-01-16 13:53:25.701 [info] Open repository: /home/rbedit7/.config
2025-01-16 13:53:25.702 [info] > git config --get commit.template [16ms]
2025-01-16 13:53:25.709 [info] > git for-each-ref --format=%(refname)%00%(upstream:short)%00%(objectname)%00%(upstream:track)%00%(upstream:remotename)%00%(upstream:remoteref) refs/heads/main refs/remotes/main [2ms]
2025-01-16 13:53:25.784 [info] > git status -z -uall [72ms]
2025-01-16 13:53:25.808 [info] > git config --get commit.template [3ms]
2025-01-16 13:53:25.809 [info] > git for-each-ref --format=%(refname)%00%(upstream:short)%00%(objectname)%00%(upstream:track)%00%(upstream:remotename)%00%(upstream:remoteref) refs/heads/main refs/remotes/main [1ms]
2025-01-16 13:53:25.857 [info] > git status -z -uall [45ms]
2025-01-16 13:53:26.209 [info] > git check-ignore -v -z --stdin [2ms]
2025-01-16 13:53:26.269 [info] > git show --textconv :hypr/windows.conf [16ms]
2025-01-16 13:53:26.271 [info] > git ls-files --stage -- /home/rbedit7/.config/hypr/windows.conf [11ms]
2025-01-16 13:53:26.276 [info] > git cat-file -s ca1abde7022876bf67a3924ecc81402d3f92af99 [2ms]
2025-01-16 13:53:30.286 [info] > git config --get commit.template [8ms]
2025-01-16 13:53:30.288 [info] > git for-each-ref --format=%(refname)%00%(upstream:short)%00%(objectname)%00%(upstream:track)%00%(upstream:remotename)%00%(upstream:remoteref) refs/heads/main refs/remotes/main [3ms]
2025-01-16 13:53:30.342 [info] > git status -z -uall [48ms]
2025-01-16 13:53:34.789 [info] > git show --textconv :hypr/shortcuts.conf [7ms]
2025-01-16 13:53:34.790 [info] > git ls-files --stage -- /home/rbedit7/.config/hypr/shortcuts.conf [2ms]
2025-01-16 13:53:34.797 [info] > git cat-file -s 7bc76913e5feec8f9bf9a7d63ef310cb74df7f2f [2ms]
2025-01-16 13:53:35.063 [info] > git check-ignore -v -z --stdin [2ms]
2025-01-16 13:53:35.363 [info] > git config --get commit.template [5ms]
2025-01-16 13:53:35.364 [info] > git for-each-ref --format=%(refname)%00%(upstream:short)%00%(objectname)%00%(upstream:track)%00%(upstream:remotename)%00%(upstream:remoteref) refs/heads/main refs/remotes/main [2ms]
2025-01-16 13:53:35.413 [info] > git status -z -uall [45ms]
2025-01-16 13:53:40.436 [info] > git config --get commit.template [6ms]
2025-01-16 13:53:40.437 [info] > git for-each-ref --format=%(refname)%00%(upstream:short)%00%(objectname)%00%(upstream:track)%00%(upstream:remotename)%00%(upstream:remoteref) refs/heads/main refs/remotes/main [2ms]
2025-01-16 13:53:40.485 [info] > git status -z -uall [44ms]
2025-01-16 13:53:45.507 [info] > git config --get commit.template [6ms]
2025-01-16 13:53:45.508 [info] > git for-each-ref --format=%(refname)%00%(upstream:short)%00%(objectname)%00%(upstream:track)%00%(upstream:remotename)%00%(upstream:remoteref) refs/heads/main refs/remotes/main [2ms]
2025-01-16 13:53:45.560 [info] > git status -z -uall [48ms]
2025-01-16 13:53:50.579 [info] > git config --get commit.template [6ms]
2025-01-16 13:53:50.580 [info] > git for-each-ref --format=%(refname)%00%(upstream:short)%00%(objectname)%00%(upstream:track)%00%(upstream:remotename)%00%(upstream:remoteref) refs/heads/main refs/remotes/main [2ms]
2025-01-16 13:53:50.632 [info] > git status -z -uall [48ms]
2025-01-16 13:53:55.654 [info] > git config --get commit.template [5ms]
2025-01-16 13:53:55.655 [info] > git for-each-ref --format=%(refname)%00%(upstream:short)%00%(objectname)%00%(upstream:track)%00%(upstream:remotename)%00%(upstream:remoteref) refs/heads/main refs/remotes/main [2ms]
2025-01-16 13:53:55.703 [info] > git status -z -uall [44ms]
2025-01-16 13:54:00.729 [info] > git config --get commit.template [6ms]
2025-01-16 13:54:00.729 [info] > git for-each-ref --format=%(refname)%00%(upstream:short)%00%(objectname)%00%(upstream:track)%00%(upstream:remotename)%00%(upstream:remoteref) refs/heads/main refs/remotes/main [2ms]
2025-01-16 13:54:00.781 [info] > git status -z -uall [48ms]
2025-01-16 13:54:05.808 [info] > git config --get commit.template [7ms]
2025-01-16 13:54:05.808 [info] > git for-each-ref --format=%(refname)%00%(upstream:short)%00%(objectname)%00%(upstream:track)%00%(upstream:remotename)%00%(upstream:remoteref) refs/heads/main refs/remotes/main [2ms]
2025-01-16 13:54:05.857 [info] > git status -z -uall [44ms]
2025-01-16 13:54:10.878 [info] > git config --get commit.template [5ms]
2025-01-16 13:54:10.879 [info] > git for-each-ref --format=%(refname)%00%(upstream:short)%00%(objectname)%00%(upstream:track)%00%(upstream:remotename)%00%(upstream:remoteref) refs/heads/main refs/remotes/main [2ms]
2025-01-16 13:54:10.931 [info] > git status -z -uall [47ms]
2025-01-16 13:54:15.960 [info] > git config --get commit.template [6ms]
2025-01-16 13:54:15.961 [info] > git for-each-ref --format=%(refname)%00%(upstream:short)%00%(objectname)%00%(upstream:track)%00%(upstream:remotename)%00%(upstream:remoteref) refs/heads/main refs/remotes/main [2ms]
2025-01-16 13:54:16.012 [info] > git status -z -uall [47ms]
2025-01-16 13:54:21.036 [info] > git config --get commit.template [7ms]
2025-01-16 13:54:21.037 [info] > git for-each-ref --format=%(refname)%00%(upstream:short)%00%(objectname)%00%(upstream:track)%00%(upstream:remotename)%00%(upstream:remoteref) refs/heads/main refs/remotes/main [2ms]
2025-01-16 13:54:21.090 [info] > git status -z -uall [48ms]
2025-01-16 13:54:26.112 [info] > git config --get commit.template [6ms]
2025-01-16 13:54:26.113 [info] > git for-each-ref --format=%(refname)%00%(upstream:short)%00%(objectname)%00%(upstream:track)%00%(upstream:remotename)%00%(upstream:remoteref) refs/heads/main refs/remotes/main [3ms]
2025-01-16 13:54:26.169 [info] > git status -z -uall [51ms]
2025-01-16 13:54:31.196 [info] > git config --get commit.template [5ms]
2025-01-16 13:54:31.197 [info] > git for-each-ref --format=%(refname)%00%(upstream:short)%00%(objectname)%00%(upstream:track)%00%(upstream:remotename)%00%(upstream:remoteref) refs/heads/main refs/remotes/main [1ms]
2025-01-16 13:54:31.244 [info] > git status -z -uall [43ms]
2025-01-16 13:54:36.269 [info] > git config --get commit.template [5ms]
2025-01-16 13:54:36.270 [info] > git for-each-ref --format=%(refname)%00%(upstream:short)%00%(objectname)%00%(upstream:track)%00%(upstream:remotename)%00%(upstream:remoteref) refs/heads/main refs/remotes/main [2ms]
2025-01-16 13:54:36.315 [info] > git status -z -uall [41ms]
2025-01-16 13:56:17.208 [info] > git config --get commit.template [6ms]
2025-01-16 13:56:17.209 [info] > git for-each-ref --format=%(refname)%00%(upstream:short)%00%(objectname)%00%(upstream:track)%00%(upstream:remotename)%00%(upstream:remoteref) refs/heads/main refs/remotes/main [2ms]
2025-01-16 13:56:17.255 [info] > git status -z -uall [41ms]
2025-01-16 13:56:22.281 [info] > git config --get commit.template [5ms]
2025-01-16 13:56:22.282 [info] > git for-each-ref --format=%(refname)%00%(upstream:short)%00%(objectname)%00%(upstream:track)%00%(upstream:remotename)%00%(upstream:remoteref) refs/heads/main refs/remotes/main [1ms]
2025-01-16 13:56:22.331 [info] > git status -z -uall [45ms]
2025-01-16 13:56:27.355 [info] > git config --get commit.template [5ms]
2025-01-16 13:56:27.356 [info] > git for-each-ref --format=%(refname)%00%(upstream:short)%00%(objectname)%00%(upstream:track)%00%(upstream:remotename)%00%(upstream:remoteref) refs/heads/main refs/remotes/main [2ms]
2025-01-16 13:56:27.417 [info] > git status -z -uall [57ms]
2025-01-16 13:56:32.442 [info] > git config --get commit.template [5ms]
2025-01-16 13:56:32.443 [info] > git for-each-ref --format=%(refname)%00%(upstream:short)%00%(objectname)%00%(upstream:track)%00%(upstream:remotename)%00%(upstream:remoteref) refs/heads/main refs/remotes/main [2ms]
2025-01-16 13:56:32.493 [info] > git status -z -uall [46ms]
2025-01-16 13:56:37.519 [info] > git config --get commit.template [6ms]
2025-01-16 13:56:37.520 [info] > git for-each-ref --format=%(refname)%00%(upstream:short)%00%(objectname)%00%(upstream:track)%00%(upstream:remotename)%00%(upstream:remoteref) refs/heads/main refs/remotes/main [2ms]
2025-01-16 13:56:37.572 [info] > git status -z -uall [48ms]
2025-01-16 13:56:42.596 [info] > git config --get commit.template [5ms]
2025-01-16 13:56:42.598 [info] > git for-each-ref --format=%(refname)%00%(upstream:short)%00%(objectname)%00%(upstream:track)%00%(upstream:remotename)%00%(upstream:remoteref) refs/heads/main refs/remotes/main [1ms]
2025-01-16 13:56:42.649 [info] > git status -z -uall [48ms]
2025-01-16 13:56:47.674 [info] > git config --get commit.template [6ms]
2025-01-16 13:56:47.675 [info] > git for-each-ref --format=%(refname)%00%(upstream:short)%00%(objectname)%00%(upstream:track)%00%(upstream:remotename)%00%(upstream:remoteref) refs/heads/main refs/remotes/main [2ms]
2025-01-16 13:56:47.728 [info] > git status -z -uall [49ms]
2025-01-16 13:56:52.753 [info] > git config --get commit.template [5ms]
2025-01-16 13:56:52.754 [info] > git for-each-ref --format=%(refname)%00%(upstream:short)%00%(objectname)%00%(upstream:track)%00%(upstream:remotename)%00%(upstream:remoteref) refs/heads/main refs/remotes/main [1ms]
2025-01-16 13:56:52.803 [info] > git status -z -uall [45ms]
2025-01-16 13:56:57.827 [info] > git config --get commit.template [5ms]
2025-01-16 13:56:57.828 [info] > git for-each-ref --format=%(refname)%00%(upstream:short)%00%(objectname)%00%(upstream:track)%00%(upstream:remotename)%00%(upstream:remoteref) refs/heads/main refs/remotes/main [2ms]
2025-01-16 13:56:57.876 [info] > git status -z -uall [44ms]
2025-01-16 13:57:02.901 [info] > git config --get commit.template [5ms]
2025-01-16 13:57:02.902 [info] > git for-each-ref --format=%(refname)%00%(upstream:short)%00%(objectname)%00%(upstream:track)%00%(upstream:remotename)%00%(upstream:remoteref) refs/heads/main refs/remotes/main [2ms]
2025-01-16 13:57:02.955 [info] > git status -z -uall [49ms]
2025-01-16 13:57:07.986 [info] > git config --get commit.template [6ms]
2025-01-16 13:57:07.987 [info] > git for-each-ref --format=%(refname)%00%(upstream:short)%00%(objectname)%00%(upstream:track)%00%(upstream:remotename)%00%(upstream:remoteref) refs/heads/main refs/remotes/main [1ms]
2025-01-16 13:57:08.034 [info] > git status -z -uall [42ms]
2025-01-16 13:57:13.061 [info] > git config --get commit.template [6ms]
2025-01-16 13:57:13.061 [info] > git for-each-ref --format=%(refname)%00%(upstream:short)%00%(objectname)%00%(upstream:track)%00%(upstream:remotename)%00%(upstream:remoteref) refs/heads/main refs/remotes/main [2ms]
2025-01-16 13:57:13.115 [info] > git status -z -uall [49ms]
2025-01-16 13:57:18.139 [info] > git config --get commit.template [5ms]
2025-01-16 13:57:18.140 [info] > git for-each-ref --format=%(refname)%00%(upstream:short)%00%(objectname)%00%(upstream:track)%00%(upstream:remotename)%00%(upstream:remoteref) refs/heads/main refs/remotes/main [2ms]
2025-01-16 13:57:18.196 [info] > git status -z -uall [51ms]
2025-01-16 13:57:23.220 [info] > git config --get commit.template [5ms]
2025-01-16 13:57:23.221 [info] > git for-each-ref --format=%(refname)%00%(upstream:short)%00%(objectname)%00%(upstream:track)%00%(upstream:remotename)%00%(upstream:remoteref) refs/heads/main refs/remotes/main [2ms]
2025-01-16 13:57:23.273 [info] > git status -z -uall [48ms]
2025-01-16 13:57:28.296 [info] > git config --get commit.template [6ms]
2025-01-16 13:57:28.297 [info] > git for-each-ref --format=%(refname)%00%(upstream:short)%00%(objectname)%00%(upstream:track)%00%(upstream:remotename)%00%(upstream:remoteref) refs/heads/main refs/remotes/main [2ms]
2025-01-16 13:57:28.345 [info] > git status -z -uall [44ms]
2025-01-16 13:57:33.370 [info] > git config --get commit.template [6ms]
2025-01-16 13:57:33.371 [info] > git for-each-ref --format=%(refname)%00%(upstream:short)%00%(objectname)%00%(upstream:track)%00%(upstream:remotename)%00%(upstream:remoteref) refs/heads/main refs/remotes/main [2ms]
2025-01-16 13:57:33.421 [info] > git status -z -uall [44ms]
2025-01-16 13:57:38.447 [info] > git config --get commit.template [5ms]
2025-01-16 13:57:38.448 [info] > git for-each-ref --format=%(refname)%00%(upstream:short)%00%(objectname)%00%(upstream:track)%00%(upstream:remotename)%00%(upstream:remoteref) refs/heads/main refs/remotes/main [2ms]
2025-01-16 13:57:38.496 [info] > git status -z -uall [45ms]
2025-01-16 13:57:43.521 [info] > git config --get commit.template [6ms]
2025-01-16 13:57:43.522 [info] > git for-each-ref --format=%(refname)%00%(upstream:short)%00%(objectname)%00%(upstream:track)%00%(upstream:remotename)%00%(upstream:remoteref) refs/heads/main refs/remotes/main [2ms]
2025-01-16 13:57:43.572 [info] > git status -z -uall [46ms]
2025-01-16 13:57:48.597 [info] > git config --get commit.template [5ms]
2025-01-16 13:57:48.598 [info] > git for-each-ref --format=%(refname)%00%(upstream:short)%00%(objectname)%00%(upstream:track)%00%(upstream:remotename)%00%(upstream:remoteref) refs/heads/main refs/remotes/main [2ms]
2025-01-16 13:57:48.647 [info] > git status -z -uall [45ms]
2025-01-16 13:57:53.670 [info] > git config --get commit.template [5ms]
2025-01-16 13:57:53.671 [info] > git for-each-ref --format=%(refname)%00%(upstream:short)%00%(objectname)%00%(upstream:track)%00%(upstream:remotename)%00%(upstream:remoteref) refs/heads/main refs/remotes/main [2ms]
2025-01-16 13:57:53.722 [info] > git status -z -uall [48ms]
2025-01-16 13:57:58.743 [info] > git config --get commit.template [5ms]
2025-01-16 13:57:58.744 [info] > git for-each-ref --format=%(refname)%00%(upstream:short)%00%(objectname)%00%(upstream:track)%00%(upstream:remotename)%00%(upstream:remoteref) refs/heads/main refs/remotes/main [2ms]
2025-01-16 13:57:58.792 [info] > git status -z -uall [44ms]
2025-01-16 13:58:03.814 [info] > git config --get commit.template [5ms]
2025-01-16 13:58:03.815 [info] > git for-each-ref --format=%(refname)%00%(upstream:short)%00%(objectname)%00%(upstream:track)%00%(upstream:remotename)%00%(upstream:remoteref) refs/heads/main refs/remotes/main [2ms]
2025-01-16 13:58:03.865 [info] > git status -z -uall [46ms]
2025-01-16 13:58:08.885 [info] > git config --get commit.template [5ms]
2025-01-16 13:58:08.886 [info] > git for-each-ref --format=%(refname)%00%(upstream:short)%00%(objectname)%00%(upstream:track)%00%(upstream:remotename)%00%(upstream:remoteref) refs/heads/main refs/remotes/main [1ms]
2025-01-16 13:58:08.932 [info] > git status -z -uall [42ms]
2025-01-16 13:58:13.951 [info] > git config --get commit.template [3ms]
2025-01-16 13:58:13.952 [info] > git for-each-ref --format=%(refname)%00%(upstream:short)%00%(objectname)%00%(upstream:track)%00%(upstream:remotename)%00%(upstream:remoteref) refs/heads/main refs/remotes/main [1ms]
2025-01-16 13:58:14.004 [info] > git status -z -uall [50ms]
2025-01-16 13:58:19.026 [info] > git config --get commit.template [5ms]
2025-01-16 13:58:19.028 [info] > git for-each-ref --format=%(refname)%00%(upstream:short)%00%(objectname)%00%(upstream:track)%00%(upstream:remotename)%00%(upstream:remoteref) refs/heads/main refs/remotes/main [2ms]
2025-01-16 13:58:19.093 [info] > git status -z -uall [61ms]
