2025-01-16 14:26:36.785 [info] Log level: Info
2025-01-16 14:26:36.785 [info] Validating found git in: "git"
2025-01-16 14:26:36.785 [info] Using git "2.48.1" from "git"
2025-01-16 14:26:36.785 [info] > git rev-parse --show-toplevel [18ms]
2025-01-16 14:26:36.785 [info] > git rev-parse --git-dir --git-common-dir [24ms]
2025-01-16 14:26:36.785 [info] Open repository: /home/rbedit7/.config
2025-01-16 14:26:36.800 [info] > git config --get commit.template [8ms]
2025-01-16 14:26:36.811 [info] > git for-each-ref --format=%(refname)%00%(upstream:short)%00%(objectname)%00%(upstream:track)%00%(upstream:remotename)%00%(upstream:remoteref) refs/heads/main refs/remotes/main [4ms]
2025-01-16 14:26:37.032 [info] > git status -z -uall [213ms]
2025-01-16 14:26:37.110 [info] > git config --get commit.template [10ms]
2025-01-16 14:26:37.123 [info] > git for-each-ref --format=%(refname)%00%(upstream:short)%00%(objectname)%00%(upstream:track)%00%(upstream:remotename)%00%(upstream:remoteref) refs/heads/main refs/remotes/main [4ms]
2025-01-16 14:26:37.306 [info] > git status -z -uall [174ms]
2025-01-16 14:26:37.362 [info] > git show --textconv :hypr/hyprland.conf [7ms]
2025-01-16 14:26:37.365 [info] > git ls-files --stage -- /home/rbedit7/.config/hypr/hyprland.conf [4ms]
2025-01-16 14:26:37.510 [info] > git check-ignore -v -z --stdin [63ms]
2025-01-16 14:26:37.510 [info] > git cat-file -s f51def741c240b75436c55322c8aafa7538dacee [141ms]
2025-01-16 14:26:39.439 [info] > git show --textconv :hypr/shortcuts.conf [6ms]
2025-01-16 14:26:39.441 [info] > git ls-files --stage -- /home/rbedit7/.config/hypr/shortcuts.conf [2ms]
2025-01-16 14:26:39.447 [info] > git cat-file -s 7bc76913e5feec8f9bf9a7d63ef310cb74df7f2f [2ms]
2025-01-16 14:26:40.738 [info] > git config --get commit.template [5ms]
2025-01-16 14:26:40.746 [info] > git for-each-ref --format=%(refname)%00%(upstream:short)%00%(objectname)%00%(upstream:track)%00%(upstream:remotename)%00%(upstream:remoteref) refs/heads/main refs/remotes/main [2ms]
2025-01-16 14:26:40.824 [info] > git status -z -uall [71ms]
2025-01-16 14:26:45.858 [info] > git config --get commit.template [5ms]
2025-01-16 14:26:45.859 [info] > git for-each-ref --format=%(refname)%00%(upstream:short)%00%(objectname)%00%(upstream:track)%00%(upstream:remotename)%00%(upstream:remoteref) refs/heads/main refs/remotes/main [2ms]
2025-01-16 14:26:45.933 [info] > git status -z -uall [70ms]
2025-01-16 14:27:02.496 [info] > git config --get commit.template [9ms]
2025-01-16 14:27:02.498 [info] > git for-each-ref --format=%(refname)%00%(upstream:short)%00%(objectname)%00%(upstream:track)%00%(upstream:remotename)%00%(upstream:remoteref) refs/heads/main refs/remotes/main [3ms]
2025-01-16 14:27:03.987 [info] Log level: Info
2025-01-16 14:27:03.987 [info] Validating found git in: "git"
2025-01-16 14:27:03.987 [info] Using git "2.48.1" from "git"
2025-01-16 14:27:03.987 [info] > git rev-parse --show-toplevel [16ms]
2025-01-16 14:27:03.997 [info] > git rev-parse --git-dir --git-common-dir [2ms]
2025-01-16 14:27:04.011 [info] Open repository: /home/rbedit7/.config
2025-01-16 14:27:04.024 [info] > git config --get commit.template [5ms]
2025-01-16 14:27:04.025 [info] > git rev-parse --show-toplevel [3ms]
2025-01-16 14:27:04.038 [info] > git for-each-ref --format=%(refname)%00%(upstream:short)%00%(objectname)%00%(upstream:track)%00%(upstream:remotename)%00%(upstream:remoteref) refs/heads/main refs/remotes/main [8ms]
2025-01-16 14:27:04.047 [info] > git rev-parse --show-toplevel [10ms]
2025-01-16 14:27:04.159 [info] > git status -z -uall [112ms]
2025-01-16 14:27:04.205 [info] > git config --get commit.template [13ms]
2025-01-16 14:27:04.212 [info] > git for-each-ref --format=%(refname)%00%(upstream:short)%00%(objectname)%00%(upstream:track)%00%(upstream:remotename)%00%(upstream:remoteref) refs/heads/main refs/remotes/main [2ms]
2025-01-16 14:27:04.349 [info] > git status -z -uall [132ms]
2025-01-16 14:27:04.703 [info] > git check-ignore -v -z --stdin [3ms]
2025-01-16 14:27:07.414 [info] > git config --get commit.template [5ms]
2025-01-16 14:27:07.415 [info] > git for-each-ref --format=%(refname)%00%(upstream:short)%00%(objectname)%00%(upstream:track)%00%(upstream:remotename)%00%(upstream:remoteref) refs/heads/main refs/remotes/main [2ms]
2025-01-16 14:27:07.486 [info] > git status -z -uall [67ms]
2025-01-16 14:27:12.514 [info] > git config --get commit.template [5ms]
2025-01-16 14:27:12.515 [info] > git for-each-ref --format=%(refname)%00%(upstream:short)%00%(objectname)%00%(upstream:track)%00%(upstream:remotename)%00%(upstream:remoteref) refs/heads/main refs/remotes/main [2ms]
2025-01-16 14:27:12.586 [info] > git status -z -uall [66ms]
2025-01-16 14:27:17.615 [info] > git config --get commit.template [6ms]
2025-01-16 14:27:17.617 [info] > git for-each-ref --format=%(refname)%00%(upstream:short)%00%(objectname)%00%(upstream:track)%00%(upstream:remotename)%00%(upstream:remoteref) refs/heads/main refs/remotes/main [3ms]
2025-01-16 14:27:17.688 [info] > git status -z -uall [67ms]
2025-01-16 14:27:22.714 [info] > git config --get commit.template [6ms]
2025-01-16 14:27:22.716 [info] > git for-each-ref --format=%(refname)%00%(upstream:short)%00%(objectname)%00%(upstream:track)%00%(upstream:remotename)%00%(upstream:remoteref) refs/heads/main refs/remotes/main [3ms]
2025-01-16 14:27:22.794 [info] > git status -z -uall [73ms]
2025-01-16 14:27:29.403 [info] > git config --get commit.template [11ms]
2025-01-16 14:27:29.404 [info] > git for-each-ref --format=%(refname)%00%(upstream:short)%00%(objectname)%00%(upstream:track)%00%(upstream:remotename)%00%(upstream:remoteref) refs/heads/main refs/remotes/main [3ms]
2025-01-16 14:27:31.947 [info] Log level: Info
2025-01-16 14:27:31.947 [info] Validating found git in: "git"
2025-01-16 14:27:31.947 [info] Using git "2.48.1" from "git"
2025-01-16 14:27:31.947 [info] > git rev-parse --show-toplevel [3ms]
2025-01-16 14:27:31.947 [info] > git rev-parse --git-dir --git-common-dir [19ms]
2025-01-16 14:27:31.947 [info] Open repository: /home/rbedit7/.config
2025-01-16 14:27:31.947 [info] > git rev-parse --show-toplevel [7ms]
2025-01-16 14:27:31.947 [info] > git config --get commit.template [12ms]
2025-01-16 14:27:31.949 [info] > git rev-parse --show-toplevel [7ms]
2025-01-16 14:27:31.950 [info] > git for-each-ref --format=%(refname)%00%(upstream:short)%00%(objectname)%00%(upstream:track)%00%(upstream:remotename)%00%(upstream:remoteref) refs/heads/main refs/remotes/main [3ms]
2025-01-16 14:27:31.963 [info] > git rev-parse --show-toplevel [2ms]
2025-01-16 14:27:32.013 [info] > git rev-parse --show-toplevel [42ms]
2025-01-16 14:27:32.029 [info] > git rev-parse --show-toplevel [3ms]
2025-01-16 14:27:32.049 [info] > git rev-parse --show-toplevel [15ms]
2025-01-16 14:27:32.060 [info] > git rev-parse --show-toplevel [2ms]
2025-01-16 14:27:32.071 [info] > git rev-parse --show-toplevel [4ms]
2025-01-16 14:27:32.078 [info] > git rev-parse --show-toplevel [2ms]
2025-01-16 14:27:32.084 [info] > git rev-parse --show-toplevel [2ms]
2025-01-16 14:27:32.092 [info] > git status -z -uall [136ms]
2025-01-16 14:27:32.179 [info] > git rev-parse --show-toplevel [90ms]
2025-01-16 14:27:32.186 [info] > git config --get commit.template [13ms]
2025-01-16 14:27:32.186 [info] > git rev-parse --show-toplevel [2ms]
2025-01-16 14:27:32.197 [info] > git for-each-ref --format=%(refname)%00%(upstream:short)%00%(objectname)%00%(upstream:track)%00%(upstream:remotename)%00%(upstream:remoteref) refs/heads/main refs/remotes/main [5ms]
2025-01-16 14:27:32.205 [info] > git rev-parse --show-toplevel [9ms]
2025-01-16 14:27:32.360 [info] > git status -z -uall [157ms]
2025-01-16 14:27:32.360 [info] > git rev-parse --show-toplevel [150ms]
2025-01-16 14:27:32.407 [info] > git rev-parse --show-toplevel [20ms]
2025-01-16 14:27:32.413 [info] > git rev-parse --show-toplevel [2ms]
2025-01-16 14:27:32.420 [info] > git rev-parse --show-toplevel [2ms]
2025-01-16 14:27:32.428 [info] > git rev-parse --show-toplevel [2ms]
2025-01-16 14:27:32.435 [info] > git rev-parse --show-toplevel [2ms]
2025-01-16 14:27:32.444 [info] > git rev-parse --show-toplevel [2ms]
2025-01-16 14:27:32.453 [info] > git rev-parse --show-toplevel [2ms]
2025-01-16 14:27:32.461 [info] > git rev-parse --show-toplevel [2ms]
2025-01-16 14:27:32.557 [info] > git rev-parse --show-toplevel [90ms]
2025-01-16 14:27:32.584 [info] > git check-ignore -v -z --stdin [21ms]
2025-01-16 14:27:32.585 [info] > git rev-parse --show-toplevel [17ms]
2025-01-16 14:27:32.591 [info] > git rev-parse --show-toplevel [1ms]
2025-01-16 14:27:32.597 [info] > git rev-parse --show-toplevel [2ms]
2025-01-16 14:27:32.608 [info] > git rev-parse --show-toplevel [4ms]
2025-01-16 14:27:32.617 [info] > git rev-parse --show-toplevel [2ms]
2025-01-16 14:27:32.627 [info] > git rev-parse --show-toplevel [3ms]
2025-01-16 14:27:32.636 [info] > git rev-parse --show-toplevel [2ms]
2025-01-16 14:27:32.647 [info] > git rev-parse --show-toplevel [2ms]
2025-01-16 14:27:32.658 [info] > git rev-parse --show-toplevel [3ms]
2025-01-16 14:27:32.670 [info] > git rev-parse --show-toplevel [2ms]
2025-01-16 14:27:32.682 [info] > git rev-parse --show-toplevel [4ms]
2025-01-16 14:27:32.693 [info] > git rev-parse --show-toplevel [3ms]
2025-01-16 14:27:35.036 [info] > git config --get commit.template [5ms]
2025-01-16 14:27:35.037 [info] > git for-each-ref --format=%(refname)%00%(upstream:short)%00%(objectname)%00%(upstream:track)%00%(upstream:remotename)%00%(upstream:remoteref) refs/heads/main refs/remotes/main [2ms]
2025-01-16 14:27:35.119 [info] > git status -z -uall [77ms]
2025-01-16 14:27:40.142 [info] > git config --get commit.template [3ms]
2025-01-16 14:27:40.151 [info] > git for-each-ref --format=%(refname)%00%(upstream:short)%00%(objectname)%00%(upstream:track)%00%(upstream:remotename)%00%(upstream:remoteref) refs/heads/main refs/remotes/main [3ms]
2025-01-16 14:27:40.248 [info] > git status -z -uall [89ms]
2025-01-16 14:27:45.274 [info] > git config --get commit.template [7ms]
2025-01-16 14:27:45.275 [info] > git for-each-ref --format=%(refname)%00%(upstream:short)%00%(objectname)%00%(upstream:track)%00%(upstream:remotename)%00%(upstream:remoteref) refs/heads/main refs/remotes/main [2ms]
2025-01-16 14:27:45.357 [info] > git status -z -uall [76ms]
2025-01-16 14:27:50.388 [info] > git config --get commit.template [5ms]
2025-01-16 14:27:50.389 [info] > git for-each-ref --format=%(refname)%00%(upstream:short)%00%(objectname)%00%(upstream:track)%00%(upstream:remotename)%00%(upstream:remoteref) refs/heads/main refs/remotes/main [1ms]
2025-01-16 14:27:50.460 [info] > git status -z -uall [66ms]
