2025-01-16 14:07:37.743 [info] Log level: Info
2025-01-16 14:07:37.743 [info] Validating found git in: "git"
2025-01-16 14:07:37.743 [info] Using git "2.48.1" from "git"
2025-01-16 14:07:37.743 [info] > git rev-parse --show-toplevel [5ms]
2025-01-16 14:07:37.744 [info] > git rev-parse --git-dir --git-common-dir [3ms]
2025-01-16 14:07:37.756 [info] Open repository: /home/rbedit7/.config
2025-01-16 14:07:37.772 [info] > git config --get commit.template [6ms]
2025-01-16 14:07:37.826 [info] > git for-each-ref --format=%(refname)%00%(upstream:short)%00%(objectname)%00%(upstream:track)%00%(upstream:remotename)%00%(upstream:remoteref) refs/heads/main refs/remotes/main [2ms]
2025-01-16 14:07:37.894 [info] > git status -z -uall [65ms]
2025-01-16 14:07:37.926 [info] > git config --get commit.template [3ms]
2025-01-16 14:07:37.927 [info] > git for-each-ref --format=%(refname)%00%(upstream:short)%00%(objectname)%00%(upstream:track)%00%(upstream:remotename)%00%(upstream:remoteref) refs/heads/main refs/remotes/main [1ms]
2025-01-16 14:07:37.974 [info] > git status -z -uall [45ms]
2025-01-16 14:07:38.329 [info] > git check-ignore -v -z --stdin [6ms]
2025-01-16 14:07:38.340 [info] > git show --textconv :hypr/hyprland.conf [4ms]
2025-01-16 14:07:38.341 [info] > git ls-files --stage -- /home/rbedit7/.config/hypr/hyprland.conf [2ms]
2025-01-16 14:07:38.346 [info] > git cat-file -s f51def741c240b75436c55322c8aafa7538dacee [1ms]
2025-01-16 14:07:41.616 [info] > git config --get commit.template [6ms]
2025-01-16 14:07:41.618 [info] > git for-each-ref --format=%(refname)%00%(upstream:short)%00%(objectname)%00%(upstream:track)%00%(upstream:remotename)%00%(upstream:remoteref) refs/heads/main refs/remotes/main [2ms]
2025-01-16 14:07:41.672 [info] > git status -z -uall [50ms]
2025-01-16 14:07:46.693 [info] > git config --get commit.template [5ms]
2025-01-16 14:07:46.693 [info] > git for-each-ref --format=%(refname)%00%(upstream:short)%00%(objectname)%00%(upstream:track)%00%(upstream:remotename)%00%(upstream:remoteref) refs/heads/main refs/remotes/main [1ms]
2025-01-16 14:07:46.740 [info] > git status -z -uall [43ms]
2025-01-16 14:07:51.769 [info] > git config --get commit.template [5ms]
2025-01-16 14:07:51.771 [info] > git for-each-ref --format=%(refname)%00%(upstream:short)%00%(objectname)%00%(upstream:track)%00%(upstream:remotename)%00%(upstream:remoteref) refs/heads/main refs/remotes/main [2ms]
2025-01-16 14:07:51.823 [info] > git status -z -uall [48ms]
2025-01-16 14:07:56.845 [info] > git config --get commit.template [6ms]
2025-01-16 14:07:56.846 [info] > git for-each-ref --format=%(refname)%00%(upstream:short)%00%(objectname)%00%(upstream:track)%00%(upstream:remotename)%00%(upstream:remoteref) refs/heads/main refs/remotes/main [1ms]
2025-01-16 14:07:56.895 [info] > git status -z -uall [46ms]
2025-01-16 14:08:01.920 [info] > git config --get commit.template [5ms]
2025-01-16 14:08:01.922 [info] > git for-each-ref --format=%(refname)%00%(upstream:short)%00%(objectname)%00%(upstream:track)%00%(upstream:remotename)%00%(upstream:remoteref) refs/heads/main refs/remotes/main [2ms]
2025-01-16 14:08:01.974 [info] > git status -z -uall [49ms]
2025-01-16 14:08:06.990 [info] > git config --get commit.template [3ms]
2025-01-16 14:08:06.991 [info] > git for-each-ref --format=%(refname)%00%(upstream:short)%00%(objectname)%00%(upstream:track)%00%(upstream:remotename)%00%(upstream:remoteref) refs/heads/main refs/remotes/main [1ms]
2025-01-16 14:08:07.033 [info] > git status -z -uall [40ms]
2025-01-16 14:08:12.064 [info] > git config --get commit.template [6ms]
2025-01-16 14:08:12.065 [info] > git for-each-ref --format=%(refname)%00%(upstream:short)%00%(objectname)%00%(upstream:track)%00%(upstream:remotename)%00%(upstream:remoteref) refs/heads/main refs/remotes/main [2ms]
2025-01-16 14:08:12.118 [info] > git status -z -uall [47ms]
2025-01-16 14:08:17.149 [info] > git for-each-ref --format=%(refname)%00%(upstream:short)%00%(objectname)%00%(upstream:track)%00%(upstream:remotename)%00%(upstream:remoteref) refs/heads/main refs/remotes/main [2ms]
2025-01-16 14:08:17.150 [info] > git config --get commit.template [8ms]
2025-01-16 14:08:17.201 [info] > git status -z -uall [45ms]
2025-01-16 14:08:22.221 [info] > git config --get commit.template [5ms]
2025-01-16 14:08:22.222 [info] > git for-each-ref --format=%(refname)%00%(upstream:short)%00%(objectname)%00%(upstream:track)%00%(upstream:remotename)%00%(upstream:remoteref) refs/heads/main refs/remotes/main [2ms]
2025-01-16 14:08:22.270 [info] > git status -z -uall [44ms]
2025-01-16 14:08:27.283 [info] > git config --get commit.template [1ms]
2025-01-16 14:08:27.289 [info] > git for-each-ref --format=%(refname)%00%(upstream:short)%00%(objectname)%00%(upstream:track)%00%(upstream:remotename)%00%(upstream:remoteref) refs/heads/main refs/remotes/main [2ms]
2025-01-16 14:08:27.332 [info] > git status -z -uall [39ms]
2025-01-16 14:08:32.357 [info] > git config --get commit.template [6ms]
2025-01-16 14:08:32.358 [info] > git for-each-ref --format=%(refname)%00%(upstream:short)%00%(objectname)%00%(upstream:track)%00%(upstream:remotename)%00%(upstream:remoteref) refs/heads/main refs/remotes/main [2ms]
2025-01-16 14:08:32.405 [info] > git status -z -uall [43ms]
2025-01-16 14:08:37.418 [info] > git config --get commit.template [1ms]
2025-01-16 14:08:37.423 [info] > git for-each-ref --format=%(refname)%00%(upstream:short)%00%(objectname)%00%(upstream:track)%00%(upstream:remotename)%00%(upstream:remoteref) refs/heads/main refs/remotes/main [1ms]
2025-01-16 14:08:37.469 [info] > git status -z -uall [42ms]
2025-01-16 14:08:42.480 [info] > git config --get commit.template [3ms]
2025-01-16 14:08:42.481 [info] > git for-each-ref --format=%(refname)%00%(upstream:short)%00%(objectname)%00%(upstream:track)%00%(upstream:remotename)%00%(upstream:remoteref) refs/heads/main refs/remotes/main [2ms]
2025-01-16 14:08:42.519 [info] > git status -z -uall [36ms]
2025-01-16 14:08:47.540 [info] > git config --get commit.template [5ms]
2025-01-16 14:08:47.540 [info] > git for-each-ref --format=%(refname)%00%(upstream:short)%00%(objectname)%00%(upstream:track)%00%(upstream:remotename)%00%(upstream:remoteref) refs/heads/main refs/remotes/main [1ms]
2025-01-16 14:08:47.585 [info] > git status -z -uall [40ms]
2025-01-16 14:08:52.603 [info] > git config --get commit.template [6ms]
2025-01-16 14:08:52.604 [info] > git for-each-ref --format=%(refname)%00%(upstream:short)%00%(objectname)%00%(upstream:track)%00%(upstream:remotename)%00%(upstream:remoteref) refs/heads/main refs/remotes/main [2ms]
2025-01-16 14:08:52.653 [info] > git status -z -uall [45ms]
2025-01-16 14:08:57.669 [info] > git config --get commit.template [1ms]
2025-01-16 14:08:57.676 [info] > git for-each-ref --format=%(refname)%00%(upstream:short)%00%(objectname)%00%(upstream:track)%00%(upstream:remotename)%00%(upstream:remoteref) refs/heads/main refs/remotes/main [2ms]
2025-01-16 14:08:57.728 [info] > git status -z -uall [49ms]
2025-01-16 14:09:02.746 [info] > git config --get commit.template [1ms]
2025-01-16 14:09:02.753 [info] > git for-each-ref --format=%(refname)%00%(upstream:short)%00%(objectname)%00%(upstream:track)%00%(upstream:remotename)%00%(upstream:remoteref) refs/heads/main refs/remotes/main [2ms]
2025-01-16 14:09:02.805 [info] > git status -z -uall [48ms]
2025-01-16 14:09:07.825 [info] > git config --get commit.template [6ms]
2025-01-16 14:09:07.825 [info] > git for-each-ref --format=%(refname)%00%(upstream:short)%00%(objectname)%00%(upstream:track)%00%(upstream:remotename)%00%(upstream:remoteref) refs/heads/main refs/remotes/main [1ms]
2025-01-16 14:09:07.873 [info] > git status -z -uall [44ms]
2025-01-16 14:09:12.894 [info] > git config --get commit.template [1ms]
2025-01-16 14:09:12.901 [info] > git for-each-ref --format=%(refname)%00%(upstream:short)%00%(objectname)%00%(upstream:track)%00%(upstream:remotename)%00%(upstream:remoteref) refs/heads/main refs/remotes/main [3ms]
2025-01-16 14:09:12.952 [info] > git status -z -uall [46ms]
2025-01-16 14:09:18.500 [info] > git config --get commit.template [5ms]
2025-01-16 14:09:18.501 [info] > git for-each-ref --format=%(refname)%00%(upstream:short)%00%(objectname)%00%(upstream:track)%00%(upstream:remotename)%00%(upstream:remoteref) refs/heads/main refs/remotes/main [2ms]
2025-01-16 14:09:18.546 [info] > git status -z -uall [41ms]
2025-01-16 14:09:18.913 [info] > git show --textconv :hypr/shortcuts.conf [4ms]
2025-01-16 14:09:18.915 [info] > git ls-files --stage -- /home/rbedit7/.config/hypr/shortcuts.conf [2ms]
2025-01-16 14:09:18.920 [info] > git cat-file -s 7bc76913e5feec8f9bf9a7d63ef310cb74df7f2f [1ms]
2025-01-16 14:09:19.001 [info] > git check-ignore -v -z --stdin [3ms]
2025-01-16 14:09:23.576 [info] > git config --get commit.template [8ms]
2025-01-16 14:09:23.576 [info] > git for-each-ref --format=%(refname)%00%(upstream:short)%00%(objectname)%00%(upstream:track)%00%(upstream:remotename)%00%(upstream:remoteref) refs/heads/main refs/remotes/main [2ms]
2025-01-16 14:09:23.628 [info] > git status -z -uall [47ms]
2025-01-16 14:09:28.654 [info] > git config --get commit.template [7ms]
2025-01-16 14:09:28.655 [info] > git for-each-ref --format=%(refname)%00%(upstream:short)%00%(objectname)%00%(upstream:track)%00%(upstream:remotename)%00%(upstream:remoteref) refs/heads/main refs/remotes/main [3ms]
2025-01-16 14:09:28.708 [info] > git status -z -uall [48ms]
2025-01-16 14:09:33.730 [info] > git config --get commit.template [5ms]
2025-01-16 14:09:33.731 [info] > git for-each-ref --format=%(refname)%00%(upstream:short)%00%(objectname)%00%(upstream:track)%00%(upstream:remotename)%00%(upstream:remoteref) refs/heads/main refs/remotes/main [2ms]
2025-01-16 14:09:33.779 [info] > git status -z -uall [44ms]
2025-01-16 14:09:38.794 [info] > git config --get commit.template [3ms]
2025-01-16 14:09:38.795 [info] > git for-each-ref --format=%(refname)%00%(upstream:short)%00%(objectname)%00%(upstream:track)%00%(upstream:remotename)%00%(upstream:remoteref) refs/heads/main refs/remotes/main [1ms]
2025-01-16 14:09:38.849 [info] > git status -z -uall [51ms]
2025-01-16 14:09:43.870 [info] > git config --get commit.template [4ms]
2025-01-16 14:09:43.871 [info] > git for-each-ref --format=%(refname)%00%(upstream:short)%00%(objectname)%00%(upstream:track)%00%(upstream:remotename)%00%(upstream:remoteref) refs/heads/main refs/remotes/main [1ms]
2025-01-16 14:09:43.914 [info] > git status -z -uall [40ms]
