2025-01-16 14:07:37.439 [info] Extension host with pid 35660 started
2025-01-16 14:07:37.574 [info] ExtensionService#_doActivateExtension vscode.emmet, startup: false, activationEvent: 'onLanguage'
2025-01-16 14:07:37.630 [info] ExtensionService#_doActivateExtension vscode.git-base, startup: true, activationEvent: '*', root cause: vscode.git
2025-01-16 14:07:37.642 [info] ExtensionService#_doActivateExtension vscode.git, startup: true, activationEvent: '*'
2025-01-16 14:07:37.667 [info] ExtensionService#_doActivateExtension vscode.github, startup: true, activationEvent: '*'
2025-01-16 14:07:37.723 [info] Eager extensions activated
2025-01-16 14:07:37.772 [info] ExtensionService#_doActivateExtension vscode.debug-auto-launch, startup: false, activationEvent: 'onStartupFinished'
2025-01-16 14:07:37.774 [info] ExtensionService#_doActivateExtension vscode.merge-conflict, startup: false, activationEvent: 'onStartupFinished'
2025-01-16 14:07:37.785 [info] ExtensionService#_doActivateExtension formulahendry.code-runner, startup: false, activationEvent: 'onStartupFinished'
2025-01-16 14:07:37.915 [warning] [Decorations] CAPPING events from decorations provider vscode.git 818
2025-01-16 14:07:37.962 [info] ExtensionService#_doActivateExtension vscode.github-authentication, startup: false, activationEvent: 'onAuthenticationRequest:github'
2025-01-16 14:07:37.984 [warning] [Decorations] CAPPING events from decorations provider vscode.git 820
2025-01-16 14:07:41.677 [warning] [Decorations] CAPPING events from decorations provider vscode.git 822
2025-01-16 14:07:46.748 [warning] [Decorations] CAPPING events from decorations provider vscode.git 822
2025-01-16 14:07:51.827 [warning] [Decorations] CAPPING events from decorations provider vscode.git 822
2025-01-16 14:07:56.901 [warning] [Decorations] CAPPING events from decorations provider vscode.git 803
2025-01-16 14:08:01.981 [warning] [Decorations] CAPPING events from decorations provider vscode.git 803
2025-01-16 14:08:07.040 [warning] [Decorations] CAPPING events from decorations provider vscode.git 803
2025-01-16 14:08:12.129 [warning] [Decorations] CAPPING events from decorations provider vscode.git 803
2025-01-16 14:08:17.206 [warning] [Decorations] CAPPING events from decorations provider vscode.git 801
2025-01-16 14:08:22.273 [warning] [Decorations] CAPPING events from decorations provider vscode.git 803
2025-01-16 14:08:27.340 [warning] [Decorations] CAPPING events from decorations provider vscode.git 803
2025-01-16 14:08:32.411 [warning] [Decorations] CAPPING events from decorations provider vscode.git 803
2025-01-16 14:08:37.473 [warning] [Decorations] CAPPING events from decorations provider vscode.git 803
2025-01-16 14:08:42.524 [warning] [Decorations] CAPPING events from decorations provider vscode.git 803
2025-01-16 14:08:47.588 [warning] [Decorations] CAPPING events from decorations provider vscode.git 803
2025-01-16 14:08:52.657 [warning] [Decorations] CAPPING events from decorations provider vscode.git 803
2025-01-16 14:08:57.733 [warning] [Decorations] CAPPING events from decorations provider vscode.git 803
2025-01-16 14:09:02.810 [warning] [Decorations] CAPPING events from decorations provider vscode.git 805
2025-01-16 14:09:07.880 [warning] [Decorations] CAPPING events from decorations provider vscode.git 805
2025-01-16 14:09:12.959 [warning] [Decorations] CAPPING events from decorations provider vscode.git 805
2025-01-16 14:09:18.555 [warning] [Decorations] CAPPING events from decorations provider vscode.git 805
2025-01-16 14:09:23.633 [warning] [Decorations] CAPPING events from decorations provider vscode.git 806
2025-01-16 14:09:28.712 [warning] [Decorations] CAPPING events from decorations provider vscode.git 806
2025-01-16 14:09:33.785 [warning] [Decorations] CAPPING events from decorations provider vscode.git 806
2025-01-16 14:09:38.856 [warning] [Decorations] CAPPING events from decorations provider vscode.git 806
2025-01-16 14:09:43.919 [warning] [Decorations] CAPPING events from decorations provider vscode.git 807
