2025-01-16 13:53:25.404 [info] Extension host with pid 31110 started
2025-01-16 13:53:25.507 [info] ExtensionService#_doActivateExtension vscode.emmet, startup: false, activationEvent: 'onLanguage'
2025-01-16 13:53:25.558 [info] ExtensionService#_doActivateExtension vscode.git-base, startup: true, activationEvent: '*', root cause: vscode.git
2025-01-16 13:53:25.577 [info] ExtensionService#_doActivateExtension vscode.git, startup: true, activationEvent: '*'
2025-01-16 13:53:25.599 [info] ExtensionService#_doActivateExtension vscode.github, startup: true, activationEvent: '*'
2025-01-16 13:53:25.644 [info] Eager extensions activated
2025-01-16 13:53:25.685 [info] ExtensionService#_doActivateExtension vscode.debug-auto-launch, startup: false, activationEvent: 'onStartupFinished'
2025-01-16 13:53:25.687 [info] ExtensionService#_doActivateExtension vscode.merge-conflict, startup: false, activationEvent: 'onStartupFinished'
2025-01-16 13:53:25.691 [info] ExtensionService#_doActivateExtension formulahendry.code-runner, startup: false, activationEvent: 'onStartupFinished'
2025-01-16 13:53:25.799 [warning] [Decorations] CAPPING events from decorations provider vscode.git 860
2025-01-16 13:53:25.865 [warning] [Decorations] CAPPING events from decorations provider vscode.git 861
2025-01-16 13:53:25.869 [info] ExtensionService#_doActivateExtension vscode.github-authentication, startup: false, activationEvent: 'onAuthenticationRequest:github'
2025-01-16 13:53:30.347 [warning] [Decorations] CAPPING events from decorations provider vscode.git 864
2025-01-16 13:53:35.417 [warning] [Decorations] CAPPING events from decorations provider vscode.git 864
2025-01-16 13:53:40.490 [warning] [Decorations] CAPPING events from decorations provider vscode.git 790
2025-01-16 13:53:45.564 [warning] [Decorations] CAPPING events from decorations provider vscode.git 790
2025-01-16 13:53:50.637 [warning] [Decorations] CAPPING events from decorations provider vscode.git 793
2025-01-16 13:53:55.709 [warning] [Decorations] CAPPING events from decorations provider vscode.git 793
2025-01-16 13:54:00.787 [warning] [Decorations] CAPPING events from decorations provider vscode.git 790
2025-01-16 13:54:05.861 [warning] [Decorations] CAPPING events from decorations provider vscode.git 789
2025-01-16 13:54:10.938 [warning] [Decorations] CAPPING events from decorations provider vscode.git 789
2025-01-16 13:54:16.016 [warning] [Decorations] CAPPING events from decorations provider vscode.git 789
2025-01-16 13:54:21.095 [warning] [Decorations] CAPPING events from decorations provider vscode.git 789
2025-01-16 13:54:26.175 [warning] [Decorations] CAPPING events from decorations provider vscode.git 789
2025-01-16 13:54:31.249 [warning] [Decorations] CAPPING events from decorations provider vscode.git 789
2025-01-16 13:54:36.321 [warning] [Decorations] CAPPING events from decorations provider vscode.git 789
2025-01-16 13:56:17.260 [warning] [Decorations] CAPPING events from decorations provider vscode.git 789
2025-01-16 13:56:22.337 [warning] [Decorations] CAPPING events from decorations provider vscode.git 789
2025-01-16 13:56:27.422 [warning] [Decorations] CAPPING events from decorations provider vscode.git 789
2025-01-16 13:56:32.498 [warning] [Decorations] CAPPING events from decorations provider vscode.git 789
2025-01-16 13:56:37.577 [warning] [Decorations] CAPPING events from decorations provider vscode.git 789
2025-01-16 13:56:42.653 [warning] [Decorations] CAPPING events from decorations provider vscode.git 789
2025-01-16 13:56:47.733 [warning] [Decorations] CAPPING events from decorations provider vscode.git 789
2025-01-16 13:56:52.807 [warning] [Decorations] CAPPING events from decorations provider vscode.git 789
2025-01-16 13:56:57.881 [warning] [Decorations] CAPPING events from decorations provider vscode.git 789
2025-01-16 13:57:02.964 [warning] [Decorations] CAPPING events from decorations provider vscode.git 789
2025-01-16 13:57:08.040 [warning] [Decorations] CAPPING events from decorations provider vscode.git 789
2025-01-16 13:57:13.120 [warning] [Decorations] CAPPING events from decorations provider vscode.git 789
2025-01-16 13:57:18.203 [warning] [Decorations] CAPPING events from decorations provider vscode.git 789
2025-01-16 13:57:23.277 [warning] [Decorations] CAPPING events from decorations provider vscode.git 789
2025-01-16 13:57:28.350 [warning] [Decorations] CAPPING events from decorations provider vscode.git 789
2025-01-16 13:57:33.427 [warning] [Decorations] CAPPING events from decorations provider vscode.git 789
2025-01-16 13:57:38.500 [warning] [Decorations] CAPPING events from decorations provider vscode.git 789
2025-01-16 13:57:43.577 [warning] [Decorations] CAPPING events from decorations provider vscode.git 789
2025-01-16 13:57:48.650 [warning] [Decorations] CAPPING events from decorations provider vscode.git 789
2025-01-16 13:57:53.725 [warning] [Decorations] CAPPING events from decorations provider vscode.git 789
2025-01-16 13:57:58.797 [warning] [Decorations] CAPPING events from decorations provider vscode.git 789
2025-01-16 13:58:03.868 [warning] [Decorations] CAPPING events from decorations provider vscode.git 789
2025-01-16 13:58:08.938 [warning] [Decorations] CAPPING events from decorations provider vscode.git 789
2025-01-16 13:58:14.007 [warning] [Decorations] CAPPING events from decorations provider vscode.git 790
2025-01-16 13:58:19.101 [warning] [Decorations] CAPPING events from decorations provider vscode.git 790
