2025-01-16 14:26:37.514 [info] Reading sessions from keychain...
2025-01-16 14:26:37.514 [info] Getting sessions for all scopes...
2025-01-16 14:26:37.514 [info] Getting sessions for all scopes...
2025-01-16 14:26:37.514 [info] Got stored sessions!
2025-01-16 14:26:37.514 [info] Got 1 verified sessions.
2025-01-16 14:26:37.514 [info] Got 1 sessions for ...
2025-01-16 14:26:37.514 [info] Got 1 sessions for ...
2025-01-16 14:26:37.514 [info] Getting sessions for all scopes...
2025-01-16 14:26:37.514 [info] Got 1 sessions for ...
2025-01-16 14:26:37.514 [info] Getting sessions for read:user,repo,user:email,workflow...
2025-01-16 14:26:37.514 [info] Got 1 sessions for read:user,repo,user:email,workflow...
2025-01-16 14:26:37.773 [info] Getting sessions for read:user,repo,user:email,workflow...
2025-01-16 14:26:37.773 [info] Got 1 sessions for read:user,repo,user:email,workflow...
2025-01-16 14:27:04.527 [info] Reading sessions from keychain...
2025-01-16 14:27:04.527 [info] Getting sessions for all scopes...
2025-01-16 14:27:04.527 [info] Getting sessions for all scopes...
2025-01-16 14:27:04.527 [info] Got stored sessions!
2025-01-16 14:27:04.527 [info] Got 1 verified sessions.
2025-01-16 14:27:04.527 [info] Got 1 sessions for ...
2025-01-16 14:27:04.527 [info] Got 1 sessions for ...
2025-01-16 14:27:04.528 [info] Getting sessions for read:user,repo,user:email,workflow...
2025-01-16 14:27:04.528 [info] Got 1 sessions for read:user,repo,user:email,workflow...
2025-01-16 14:27:04.529 [info] Getting sessions for all scopes...
2025-01-16 14:27:04.529 [info] Got 1 sessions for ...
2025-01-16 14:27:04.832 [info] Getting sessions for read:user,repo,user:email,workflow...
2025-01-16 14:27:04.832 [info] Got 1 sessions for read:user,repo,user:email,workflow...
2025-01-16 14:27:32.692 [info] Reading sessions from keychain...
2025-01-16 14:27:32.692 [info] Getting sessions for all scopes...
2025-01-16 14:27:32.692 [info] Getting sessions for all scopes...
2025-01-16 14:27:32.766 [info] Getting sessions for read:user,repo,user:email,workflow...
2025-01-16 14:27:32.776 [info] Got stored sessions!
2025-01-16 14:27:32.777 [info] Got 1 verified sessions.
2025-01-16 14:27:32.777 [info] Got 1 sessions for ...
2025-01-16 14:27:32.777 [info] Got 1 sessions for ...
2025-01-16 14:27:32.777 [info] Got 1 sessions for read:user,repo,user:email,workflow...
2025-01-16 14:27:32.890 [info] Getting sessions for all scopes...
2025-01-16 14:27:32.891 [info] Got 1 sessions for ...
2025-01-16 14:27:33.157 [info] Getting sessions for read:user,repo,user:email,workflow...
2025-01-16 14:27:33.157 [info] Got 1 sessions for read:user,repo,user:email,workflow...
