2025-01-16 13:59:21.317 [info] Extension host with pid 33136 started
2025-01-16 13:59:21.401 [info] ExtensionService#_doActivateExtension vscode.emmet, startup: false, activationEvent: 'onLanguage'
2025-01-16 13:59:21.450 [info] ExtensionService#_doActivateExtension vscode.git-base, startup: true, activationEvent: '*', root cause: vscode.git
2025-01-16 13:59:21.454 [info] ExtensionService#_doActivateExtension vscode.git, startup: true, activationEvent: '*'
2025-01-16 13:59:21.470 [info] ExtensionService#_doActivateExtension vscode.github, startup: true, activationEvent: '*'
2025-01-16 13:59:21.498 [info] Eager extensions activated
2025-01-16 13:59:21.530 [info] ExtensionService#_doActivateExtension vscode.debug-auto-launch, startup: false, activationEvent: 'onStartupFinished'
2025-01-16 13:59:21.531 [info] ExtensionService#_doActivateExtension vscode.merge-conflict, startup: false, activationEvent: 'onStartupFinished'
2025-01-16 13:59:21.535 [info] ExtensionService#_doActivateExtension formulahendry.code-runner, startup: false, activationEvent: 'onStartupFinished'
2025-01-16 13:59:21.633 [warning] [Decorations] CAPPING events from decorations provider vscode.git 809
2025-01-16 13:59:21.709 [info] ExtensionService#_doActivateExtension vscode.github-authentication, startup: false, activationEvent: 'onAuthenticationRequest:github'
2025-01-16 13:59:21.839 [warning] [Decorations] CAPPING events from decorations provider vscode.git 812
2025-01-16 13:59:25.684 [warning] [Decorations] CAPPING events from decorations provider vscode.git 813
2025-01-16 13:59:30.761 [warning] [Decorations] CAPPING events from decorations provider vscode.git 813
2025-01-16 13:59:35.837 [warning] [Decorations] CAPPING events from decorations provider vscode.git 814
2025-01-16 13:59:40.916 [warning] [Decorations] CAPPING events from decorations provider vscode.git 796
2025-01-16 13:59:45.992 [warning] [Decorations] CAPPING events from decorations provider vscode.git 796
2025-01-16 13:59:51.061 [warning] [Decorations] CAPPING events from decorations provider vscode.git 796
2025-01-16 13:59:56.143 [warning] [Decorations] CAPPING events from decorations provider vscode.git 796
2025-01-16 14:00:01.223 [warning] [Decorations] CAPPING events from decorations provider vscode.git 794
2025-01-16 14:00:06.331 [warning] [Decorations] CAPPING events from decorations provider vscode.git 794
2025-01-16 14:00:11.406 [warning] [Decorations] CAPPING events from decorations provider vscode.git 794
2025-01-16 14:00:16.484 [warning] [Decorations] CAPPING events from decorations provider vscode.git 794
2025-01-16 14:00:21.553 [warning] [Decorations] CAPPING events from decorations provider vscode.git 794
2025-01-16 14:00:26.632 [warning] [Decorations] CAPPING events from decorations provider vscode.git 794
2025-01-16 14:00:31.706 [warning] [Decorations] CAPPING events from decorations provider vscode.git 794
2025-01-16 14:00:36.781 [warning] [Decorations] CAPPING events from decorations provider vscode.git 794
2025-01-16 14:00:41.860 [warning] [Decorations] CAPPING events from decorations provider vscode.git 794
2025-01-16 14:00:46.942 [warning] [Decorations] CAPPING events from decorations provider vscode.git 794
2025-01-16 14:00:52.011 [warning] [Decorations] CAPPING events from decorations provider vscode.git 794
2025-01-16 14:00:57.087 [warning] [Decorations] CAPPING events from decorations provider vscode.git 794
2025-01-16 14:01:02.165 [warning] [Decorations] CAPPING events from decorations provider vscode.git 794
2025-01-16 14:01:07.244 [warning] [Decorations] CAPPING events from decorations provider vscode.git 794
2025-01-16 14:01:12.324 [warning] [Decorations] CAPPING events from decorations provider vscode.git 794
2025-01-16 14:01:17.396 [warning] [Decorations] CAPPING events from decorations provider vscode.git 794
2025-01-16 14:01:22.467 [warning] [Decorations] CAPPING events from decorations provider vscode.git 794
2025-01-16 14:01:27.546 [warning] [Decorations] CAPPING events from decorations provider vscode.git 794
2025-01-16 14:01:32.623 [warning] [Decorations] CAPPING events from decorations provider vscode.git 794
2025-01-16 14:01:37.692 [warning] [Decorations] CAPPING events from decorations provider vscode.git 794
2025-01-16 14:01:42.763 [warning] [Decorations] CAPPING events from decorations provider vscode.git 794
2025-01-16 14:01:47.843 [warning] [Decorations] CAPPING events from decorations provider vscode.git 794
2025-01-16 14:01:52.913 [warning] [Decorations] CAPPING events from decorations provider vscode.git 794
2025-01-16 14:01:57.988 [warning] [Decorations] CAPPING events from decorations provider vscode.git 794
2025-01-16 14:02:03.058 [warning] [Decorations] CAPPING events from decorations provider vscode.git 794
2025-01-16 14:02:08.134 [warning] [Decorations] CAPPING events from decorations provider vscode.git 794
2025-01-16 14:02:13.210 [warning] [Decorations] CAPPING events from decorations provider vscode.git 794
2025-01-16 14:02:18.286 [warning] [Decorations] CAPPING events from decorations provider vscode.git 794
2025-01-16 14:02:23.353 [warning] [Decorations] CAPPING events from decorations provider vscode.git 794
2025-01-16 14:02:28.429 [warning] [Decorations] CAPPING events from decorations provider vscode.git 794
2025-01-16 14:02:33.507 [warning] [Decorations] CAPPING events from decorations provider vscode.git 794
2025-01-16 14:02:38.585 [warning] [Decorations] CAPPING events from decorations provider vscode.git 794
2025-01-16 14:02:43.662 [warning] [Decorations] CAPPING events from decorations provider vscode.git 794
2025-01-16 14:02:48.741 [warning] [Decorations] CAPPING events from decorations provider vscode.git 794
2025-01-16 14:02:53.817 [warning] [Decorations] CAPPING events from decorations provider vscode.git 794
2025-01-16 14:02:58.888 [warning] [Decorations] CAPPING events from decorations provider vscode.git 794
2025-01-16 14:03:03.961 [warning] [Decorations] CAPPING events from decorations provider vscode.git 794
2025-01-16 14:03:09.036 [warning] [Decorations] CAPPING events from decorations provider vscode.git 794
2025-01-16 14:03:14.111 [warning] [Decorations] CAPPING events from decorations provider vscode.git 794
2025-01-16 14:03:19.183 [warning] [Decorations] CAPPING events from decorations provider vscode.git 794
2025-01-16 14:03:24.263 [warning] [Decorations] CAPPING events from decorations provider vscode.git 794
2025-01-16 14:03:29.338 [warning] [Decorations] CAPPING events from decorations provider vscode.git 794
2025-01-16 14:03:34.411 [warning] [Decorations] CAPPING events from decorations provider vscode.git 794
2025-01-16 14:03:39.486 [warning] [Decorations] CAPPING events from decorations provider vscode.git 794
2025-01-16 14:03:44.560 [warning] [Decorations] CAPPING events from decorations provider vscode.git 794
2025-01-16 14:03:49.635 [warning] [Decorations] CAPPING events from decorations provider vscode.git 794
2025-01-16 14:03:54.708 [warning] [Decorations] CAPPING events from decorations provider vscode.git 794
2025-01-16 14:03:59.777 [warning] [Decorations] CAPPING events from decorations provider vscode.git 795
2025-01-16 14:04:04.849 [warning] [Decorations] CAPPING events from decorations provider vscode.git 795
2025-01-16 14:04:09.927 [warning] [Decorations] CAPPING events from decorations provider vscode.git 796
2025-01-16 14:04:15.003 [warning] [Decorations] CAPPING events from decorations provider vscode.git 796
2025-01-16 14:04:20.075 [warning] [Decorations] CAPPING events from decorations provider vscode.git 796
2025-01-16 14:04:25.150 [warning] [Decorations] CAPPING events from decorations provider vscode.git 796
2025-01-16 14:05:46.157 [warning] [Decorations] CAPPING events from decorations provider vscode.git 797
2025-01-16 14:05:55.849 [warning] [Decorations] CAPPING events from decorations provider vscode.git 797
2025-01-16 14:06:00.924 [warning] [Decorations] CAPPING events from decorations provider vscode.git 797
2025-01-16 14:06:05.998 [warning] [Decorations] CAPPING events from decorations provider vscode.git 798
2025-01-16 14:06:11.069 [warning] [Decorations] CAPPING events from decorations provider vscode.git 798
2025-01-16 14:06:16.141 [warning] [Decorations] CAPPING events from decorations provider vscode.git 798
2025-01-16 14:06:21.216 [warning] [Decorations] CAPPING events from decorations provider vscode.git 798
2025-01-16 14:06:26.283 [warning] [Decorations] CAPPING events from decorations provider vscode.git 798
2025-01-16 14:06:31.354 [warning] [Decorations] CAPPING events from decorations provider vscode.git 798
2025-01-16 14:06:36.427 [warning] [Decorations] CAPPING events from decorations provider vscode.git 798
2025-01-16 14:06:41.506 [warning] [Decorations] CAPPING events from decorations provider vscode.git 798
2025-01-16 14:06:46.577 [warning] [Decorations] CAPPING events from decorations provider vscode.git 798
2025-01-16 14:06:51.650 [warning] [Decorations] CAPPING events from decorations provider vscode.git 798
2025-01-16 14:07:00.494 [warning] [Decorations] CAPPING events from decorations provider vscode.git 800
2025-01-16 14:07:05.576 [warning] [Decorations] CAPPING events from decorations provider vscode.git 800
