2025-01-16 13:59:21.512 [info] Log level: Info
2025-01-16 13:59:21.512 [info] Validating found git in: "git"
2025-01-16 13:59:21.512 [info] Using git "2.48.1" from "git"
2025-01-16 13:59:21.512 [info] > git rev-parse --show-toplevel [2ms]
2025-01-16 13:59:21.512 [info] > git rev-parse --git-dir --git-common-dir [1ms]
2025-01-16 13:59:21.523 [info] Open repository: /home/rbedit7/.config
2025-01-16 13:59:21.549 [info] > git config --get commit.template [21ms]
2025-01-16 13:59:21.559 [info] > git for-each-ref --format=%(refname)%00%(upstream:short)%00%(objectname)%00%(upstream:track)%00%(upstream:remotename)%00%(upstream:remoteref) refs/heads/main refs/remotes/main [2ms]
2025-01-16 13:59:21.613 [info] > git status -z -uall [50ms]
2025-01-16 13:59:21.708 [info] > git config --get commit.template [6ms]
2025-01-16 13:59:21.730 [info] > git for-each-ref --format=%(refname)%00%(upstream:short)%00%(objectname)%00%(upstream:track)%00%(upstream:remotename)%00%(upstream:remoteref) refs/heads/main refs/remotes/main [7ms]
2025-01-16 13:59:21.828 [info] > git status -z -uall [95ms]
2025-01-16 13:59:22.063 [info] > git check-ignore -v -z --stdin [2ms]
2025-01-16 13:59:22.198 [info] > git show --textconv :hypr/shortcuts.conf [4ms]
2025-01-16 13:59:22.200 [info] > git ls-files --stage -- /home/rbedit7/.config/hypr/shortcuts.conf [2ms]
2025-01-16 13:59:22.206 [info] > git cat-file -s 7bc76913e5feec8f9bf9a7d63ef310cb74df7f2f [1ms]
2025-01-16 13:59:25.613 [info] > git config --get commit.template [6ms]
2025-01-16 13:59:25.614 [info] > git for-each-ref --format=%(refname)%00%(upstream:short)%00%(objectname)%00%(upstream:track)%00%(upstream:remotename)%00%(upstream:remoteref) refs/heads/main refs/remotes/main [2ms]
2025-01-16 13:59:25.676 [info] > git status -z -uall [58ms]
2025-01-16 13:59:30.703 [info] > git config --get commit.template [5ms]
2025-01-16 13:59:30.704 [info] > git for-each-ref --format=%(refname)%00%(upstream:short)%00%(objectname)%00%(upstream:track)%00%(upstream:remotename)%00%(upstream:remoteref) refs/heads/main refs/remotes/main [1ms]
2025-01-16 13:59:30.757 [info] > git status -z -uall [50ms]
2025-01-16 13:59:35.779 [info] > git config --get commit.template [5ms]
2025-01-16 13:59:35.779 [info] > git for-each-ref --format=%(refname)%00%(upstream:short)%00%(objectname)%00%(upstream:track)%00%(upstream:remotename)%00%(upstream:remoteref) refs/heads/main refs/remotes/main [1ms]
2025-01-16 13:59:35.829 [info] > git status -z -uall [45ms]
2025-01-16 13:59:40.854 [info] > git config --get commit.template [5ms]
2025-01-16 13:59:40.854 [info] > git for-each-ref --format=%(refname)%00%(upstream:short)%00%(objectname)%00%(upstream:track)%00%(upstream:remotename)%00%(upstream:remoteref) refs/heads/main refs/remotes/main [1ms]
2025-01-16 13:59:40.908 [info] > git status -z -uall [49ms]
2025-01-16 13:59:45.936 [info] > git config --get commit.template [6ms]
2025-01-16 13:59:45.937 [info] > git for-each-ref --format=%(refname)%00%(upstream:short)%00%(objectname)%00%(upstream:track)%00%(upstream:remotename)%00%(upstream:remoteref) refs/heads/main refs/remotes/main [2ms]
2025-01-16 13:59:45.987 [info] > git status -z -uall [46ms]
2025-01-16 13:59:51.004 [info] > git config --get commit.template [5ms]
2025-01-16 13:59:51.005 [info] > git for-each-ref --format=%(refname)%00%(upstream:short)%00%(objectname)%00%(upstream:track)%00%(upstream:remotename)%00%(upstream:remoteref) refs/heads/main refs/remotes/main [1ms]
2025-01-16 13:59:51.057 [info] > git status -z -uall [48ms]
2025-01-16 13:59:56.076 [info] > git config --get commit.template [2ms]
2025-01-16 13:59:56.084 [info] > git for-each-ref --format=%(refname)%00%(upstream:short)%00%(objectname)%00%(upstream:track)%00%(upstream:remotename)%00%(upstream:remoteref) refs/heads/main refs/remotes/main [2ms]
2025-01-16 13:59:56.137 [info] > git status -z -uall [49ms]
2025-01-16 14:00:01.162 [info] > git config --get commit.template [6ms]
2025-01-16 14:00:01.163 [info] > git for-each-ref --format=%(refname)%00%(upstream:short)%00%(objectname)%00%(upstream:track)%00%(upstream:remotename)%00%(upstream:remoteref) refs/heads/main refs/remotes/main [2ms]
2025-01-16 14:00:01.218 [info] > git status -z -uall [51ms]
2025-01-16 14:00:06.245 [info] > git config --get commit.template [5ms]
2025-01-16 14:00:06.246 [info] > git for-each-ref --format=%(refname)%00%(upstream:short)%00%(objectname)%00%(upstream:track)%00%(upstream:remotename)%00%(upstream:remoteref) refs/heads/main refs/remotes/main [1ms]
2025-01-16 14:00:06.302 [info] > git status -z -uall [52ms]
2025-01-16 14:00:11.354 [info] > git config --get commit.template [5ms]
2025-01-16 14:00:11.355 [info] > git for-each-ref --format=%(refname)%00%(upstream:short)%00%(objectname)%00%(upstream:track)%00%(upstream:remotename)%00%(upstream:remoteref) refs/heads/main refs/remotes/main [2ms]
2025-01-16 14:00:11.401 [info] > git status -z -uall [42ms]
2025-01-16 14:00:16.424 [info] > git config --get commit.template [6ms]
2025-01-16 14:00:16.425 [info] > git for-each-ref --format=%(refname)%00%(upstream:short)%00%(objectname)%00%(upstream:track)%00%(upstream:remotename)%00%(upstream:remoteref) refs/heads/main refs/remotes/main [2ms]
2025-01-16 14:00:16.478 [info] > git status -z -uall [49ms]
2025-01-16 14:00:21.501 [info] > git config --get commit.template [5ms]
2025-01-16 14:00:21.502 [info] > git for-each-ref --format=%(refname)%00%(upstream:short)%00%(objectname)%00%(upstream:track)%00%(upstream:remotename)%00%(upstream:remoteref) refs/heads/main refs/remotes/main [1ms]
2025-01-16 14:00:21.548 [info] > git status -z -uall [42ms]
2025-01-16 14:00:26.573 [info] > git config --get commit.template [4ms]
2025-01-16 14:00:26.574 [info] > git for-each-ref --format=%(refname)%00%(upstream:short)%00%(objectname)%00%(upstream:track)%00%(upstream:remotename)%00%(upstream:remoteref) refs/heads/main refs/remotes/main [2ms]
2025-01-16 14:00:26.628 [info] > git status -z -uall [50ms]
2025-01-16 14:00:31.652 [info] > git config --get commit.template [6ms]
2025-01-16 14:00:31.653 [info] > git for-each-ref --format=%(refname)%00%(upstream:short)%00%(objectname)%00%(upstream:track)%00%(upstream:remotename)%00%(upstream:remoteref) refs/heads/main refs/remotes/main [2ms]
2025-01-16 14:00:31.701 [info] > git status -z -uall [45ms]
2025-01-16 14:00:36.727 [info] > git config --get commit.template [5ms]
2025-01-16 14:00:36.728 [info] > git for-each-ref --format=%(refname)%00%(upstream:short)%00%(objectname)%00%(upstream:track)%00%(upstream:remotename)%00%(upstream:remoteref) refs/heads/main refs/remotes/main [2ms]
2025-01-16 14:00:36.776 [info] > git status -z -uall [44ms]
2025-01-16 14:00:41.801 [info] > git config --get commit.template [6ms]
2025-01-16 14:00:41.802 [info] > git for-each-ref --format=%(refname)%00%(upstream:short)%00%(objectname)%00%(upstream:track)%00%(upstream:remotename)%00%(upstream:remoteref) refs/heads/main refs/remotes/main [2ms]
2025-01-16 14:00:41.851 [info] > git status -z -uall [45ms]
2025-01-16 14:00:46.881 [info] > git config --get commit.template [5ms]
2025-01-16 14:00:46.882 [info] > git for-each-ref --format=%(refname)%00%(upstream:short)%00%(objectname)%00%(upstream:track)%00%(upstream:remotename)%00%(upstream:remoteref) refs/heads/main refs/remotes/main [2ms]
2025-01-16 14:00:46.935 [info] > git status -z -uall [49ms]
2025-01-16 14:00:51.959 [info] > git config --get commit.template [5ms]
2025-01-16 14:00:51.960 [info] > git for-each-ref --format=%(refname)%00%(upstream:short)%00%(objectname)%00%(upstream:track)%00%(upstream:remotename)%00%(upstream:remoteref) refs/heads/main refs/remotes/main [2ms]
2025-01-16 14:00:52.007 [info] > git status -z -uall [43ms]
2025-01-16 14:00:57.032 [info] > git config --get commit.template [6ms]
2025-01-16 14:00:57.033 [info] > git for-each-ref --format=%(refname)%00%(upstream:short)%00%(objectname)%00%(upstream:track)%00%(upstream:remotename)%00%(upstream:remoteref) refs/heads/main refs/remotes/main [2ms]
2025-01-16 14:00:57.082 [info] > git status -z -uall [45ms]
2025-01-16 14:01:02.108 [info] > git config --get commit.template [5ms]
2025-01-16 14:01:02.110 [info] > git for-each-ref --format=%(refname)%00%(upstream:short)%00%(objectname)%00%(upstream:track)%00%(upstream:remotename)%00%(upstream:remoteref) refs/heads/main refs/remotes/main [3ms]
2025-01-16 14:01:02.162 [info] > git status -z -uall [49ms]
2025-01-16 14:01:07.186 [info] > git config --get commit.template [5ms]
2025-01-16 14:01:07.186 [info] > git for-each-ref --format=%(refname)%00%(upstream:short)%00%(objectname)%00%(upstream:track)%00%(upstream:remotename)%00%(upstream:remoteref) refs/heads/main refs/remotes/main [1ms]
2025-01-16 14:01:07.240 [info] > git status -z -uall [50ms]
2025-01-16 14:01:12.264 [info] > git config --get commit.template [6ms]
2025-01-16 14:01:12.265 [info] > git for-each-ref --format=%(refname)%00%(upstream:short)%00%(objectname)%00%(upstream:track)%00%(upstream:remotename)%00%(upstream:remoteref) refs/heads/main refs/remotes/main [2ms]
2025-01-16 14:01:12.321 [info] > git status -z -uall [52ms]
2025-01-16 14:01:17.344 [info] > git config --get commit.template [5ms]
2025-01-16 14:01:17.345 [info] > git for-each-ref --format=%(refname)%00%(upstream:short)%00%(objectname)%00%(upstream:track)%00%(upstream:remotename)%00%(upstream:remoteref) refs/heads/main refs/remotes/main [2ms]
2025-01-16 14:01:17.391 [info] > git status -z -uall [43ms]
2025-01-16 14:01:22.413 [info] > git config --get commit.template [7ms]
2025-01-16 14:01:22.415 [info] > git for-each-ref --format=%(refname)%00%(upstream:short)%00%(objectname)%00%(upstream:track)%00%(upstream:remotename)%00%(upstream:remoteref) refs/heads/main refs/remotes/main [2ms]
2025-01-16 14:01:22.463 [info] > git status -z -uall [44ms]
2025-01-16 14:01:27.487 [info] > git config --get commit.template [5ms]
2025-01-16 14:01:27.488 [info] > git for-each-ref --format=%(refname)%00%(upstream:short)%00%(objectname)%00%(upstream:track)%00%(upstream:remotename)%00%(upstream:remoteref) refs/heads/main refs/remotes/main [2ms]
2025-01-16 14:01:27.542 [info] > git status -z -uall [50ms]
2025-01-16 14:01:32.566 [info] > git config --get commit.template [6ms]
2025-01-16 14:01:32.567 [info] > git for-each-ref --format=%(refname)%00%(upstream:short)%00%(objectname)%00%(upstream:track)%00%(upstream:remotename)%00%(upstream:remoteref) refs/heads/main refs/remotes/main [2ms]
2025-01-16 14:01:32.619 [info] > git status -z -uall [47ms]
2025-01-16 14:01:37.642 [info] > git config --get commit.template [5ms]
2025-01-16 14:01:37.643 [info] > git for-each-ref --format=%(refname)%00%(upstream:short)%00%(objectname)%00%(upstream:track)%00%(upstream:remotename)%00%(upstream:remoteref) refs/heads/main refs/remotes/main [1ms]
2025-01-16 14:01:37.688 [info] > git status -z -uall [41ms]
2025-01-16 14:01:42.711 [info] > git config --get commit.template [5ms]
2025-01-16 14:01:42.712 [info] > git for-each-ref --format=%(refname)%00%(upstream:short)%00%(objectname)%00%(upstream:track)%00%(upstream:remotename)%00%(upstream:remoteref) refs/heads/main refs/remotes/main [2ms]
2025-01-16 14:01:42.758 [info] > git status -z -uall [43ms]
2025-01-16 14:01:47.777 [info] > git config --get commit.template [4ms]
2025-01-16 14:01:47.778 [info] > git for-each-ref --format=%(refname)%00%(upstream:short)%00%(objectname)%00%(upstream:track)%00%(upstream:remotename)%00%(upstream:remoteref) refs/heads/main refs/remotes/main [1ms]
2025-01-16 14:01:47.839 [info] > git status -z -uall [58ms]
2025-01-16 14:01:52.856 [info] > git config --get commit.template [5ms]
2025-01-16 14:01:52.856 [info] > git for-each-ref --format=%(refname)%00%(upstream:short)%00%(objectname)%00%(upstream:track)%00%(upstream:remotename)%00%(upstream:remoteref) refs/heads/main refs/remotes/main [1ms]
2025-01-16 14:01:52.905 [info] > git status -z -uall [44ms]
2025-01-16 14:01:57.933 [info] > git config --get commit.template [5ms]
2025-01-16 14:01:57.934 [info] > git for-each-ref --format=%(refname)%00%(upstream:short)%00%(objectname)%00%(upstream:track)%00%(upstream:remotename)%00%(upstream:remoteref) refs/heads/main refs/remotes/main [1ms]
2025-01-16 14:01:57.984 [info] > git status -z -uall [46ms]
2025-01-16 14:02:03.006 [info] > git config --get commit.template [5ms]
2025-01-16 14:02:03.007 [info] > git for-each-ref --format=%(refname)%00%(upstream:short)%00%(objectname)%00%(upstream:track)%00%(upstream:remotename)%00%(upstream:remoteref) refs/heads/main refs/remotes/main [2ms]
2025-01-16 14:02:03.053 [info] > git status -z -uall [42ms]
2025-01-16 14:02:08.077 [info] > git config --get commit.template [6ms]
2025-01-16 14:02:08.078 [info] > git for-each-ref --format=%(refname)%00%(upstream:short)%00%(objectname)%00%(upstream:track)%00%(upstream:remotename)%00%(upstream:remoteref) refs/heads/main refs/remotes/main [2ms]
2025-01-16 14:02:08.129 [info] > git status -z -uall [47ms]
2025-01-16 14:02:13.155 [info] > git config --get commit.template [6ms]
2025-01-16 14:02:13.155 [info] > git for-each-ref --format=%(refname)%00%(upstream:short)%00%(objectname)%00%(upstream:track)%00%(upstream:remotename)%00%(upstream:remoteref) refs/heads/main refs/remotes/main [1ms]
2025-01-16 14:02:13.205 [info] > git status -z -uall [45ms]
2025-01-16 14:02:18.227 [info] > git config --get commit.template [5ms]
2025-01-16 14:02:18.228 [info] > git for-each-ref --format=%(refname)%00%(upstream:short)%00%(objectname)%00%(upstream:track)%00%(upstream:remotename)%00%(upstream:remoteref) refs/heads/main refs/remotes/main [2ms]
2025-01-16 14:02:18.281 [info] > git status -z -uall [50ms]
2025-01-16 14:02:23.300 [info] > git config --get commit.template [5ms]
2025-01-16 14:02:23.302 [info] > git for-each-ref --format=%(refname)%00%(upstream:short)%00%(objectname)%00%(upstream:track)%00%(upstream:remotename)%00%(upstream:remoteref) refs/heads/main refs/remotes/main [2ms]
2025-01-16 14:02:23.348 [info] > git status -z -uall [43ms]
2025-01-16 14:02:28.373 [info] > git config --get commit.template [5ms]
2025-01-16 14:02:28.374 [info] > git for-each-ref --format=%(refname)%00%(upstream:short)%00%(objectname)%00%(upstream:track)%00%(upstream:remotename)%00%(upstream:remoteref) refs/heads/main refs/remotes/main [2ms]
2025-01-16 14:02:28.425 [info] > git status -z -uall [47ms]
2025-01-16 14:02:33.450 [info] > git config --get commit.template [6ms]
2025-01-16 14:02:33.451 [info] > git for-each-ref --format=%(refname)%00%(upstream:short)%00%(objectname)%00%(upstream:track)%00%(upstream:remotename)%00%(upstream:remoteref) refs/heads/main refs/remotes/main [2ms]
2025-01-16 14:02:33.502 [info] > git status -z -uall [46ms]
2025-01-16 14:02:38.528 [info] > git config --get commit.template [5ms]
2025-01-16 14:02:38.529 [info] > git for-each-ref --format=%(refname)%00%(upstream:short)%00%(objectname)%00%(upstream:track)%00%(upstream:remotename)%00%(upstream:remoteref) refs/heads/main refs/remotes/main [2ms]
2025-01-16 14:02:38.581 [info] > git status -z -uall [48ms]
2025-01-16 14:02:43.605 [info] > git config --get commit.template [5ms]
2025-01-16 14:02:43.606 [info] > git for-each-ref --format=%(refname)%00%(upstream:short)%00%(objectname)%00%(upstream:track)%00%(upstream:remotename)%00%(upstream:remoteref) refs/heads/main refs/remotes/main [2ms]
2025-01-16 14:02:43.657 [info] > git status -z -uall [47ms]
2025-01-16 14:02:48.682 [info] > git config --get commit.template [6ms]
2025-01-16 14:02:48.683 [info] > git for-each-ref --format=%(refname)%00%(upstream:short)%00%(objectname)%00%(upstream:track)%00%(upstream:remotename)%00%(upstream:remoteref) refs/heads/main refs/remotes/main [2ms]
2025-01-16 14:02:48.736 [info] > git status -z -uall [49ms]
2025-01-16 14:02:53.759 [info] > git config --get commit.template [4ms]
2025-01-16 14:02:53.760 [info] > git for-each-ref --format=%(refname)%00%(upstream:short)%00%(objectname)%00%(upstream:track)%00%(upstream:remotename)%00%(upstream:remoteref) refs/heads/main refs/remotes/main [1ms]
2025-01-16 14:02:53.812 [info] > git status -z -uall [48ms]
2025-01-16 14:02:58.836 [info] > git config --get commit.template [5ms]
2025-01-16 14:02:58.837 [info] > git for-each-ref --format=%(refname)%00%(upstream:short)%00%(objectname)%00%(upstream:track)%00%(upstream:remotename)%00%(upstream:remoteref) refs/heads/main refs/remotes/main [2ms]
2025-01-16 14:02:58.883 [info] > git status -z -uall [42ms]
2025-01-16 14:03:03.908 [info] > git config --get commit.template [6ms]
2025-01-16 14:03:03.909 [info] > git for-each-ref --format=%(refname)%00%(upstream:short)%00%(objectname)%00%(upstream:track)%00%(upstream:remotename)%00%(upstream:remoteref) refs/heads/main refs/remotes/main [2ms]
2025-01-16 14:03:03.956 [info] > git status -z -uall [42ms]
2025-01-16 14:03:08.980 [info] > git config --get commit.template [5ms]
2025-01-16 14:03:08.981 [info] > git for-each-ref --format=%(refname)%00%(upstream:short)%00%(objectname)%00%(upstream:track)%00%(upstream:remotename)%00%(upstream:remoteref) refs/heads/main refs/remotes/main [2ms]
2025-01-16 14:03:09.032 [info] > git status -z -uall [47ms]
2025-01-16 14:03:14.056 [info] > git config --get commit.template [6ms]
2025-01-16 14:03:14.057 [info] > git for-each-ref --format=%(refname)%00%(upstream:short)%00%(objectname)%00%(upstream:track)%00%(upstream:remotename)%00%(upstream:remoteref) refs/heads/main refs/remotes/main [2ms]
2025-01-16 14:03:14.105 [info] > git status -z -uall [43ms]
2025-01-16 14:03:19.131 [info] > git config --get commit.template [6ms]
2025-01-16 14:03:19.132 [info] > git for-each-ref --format=%(refname)%00%(upstream:short)%00%(objectname)%00%(upstream:track)%00%(upstream:remotename)%00%(upstream:remoteref) refs/heads/main refs/remotes/main [2ms]
2025-01-16 14:03:19.179 [info] > git status -z -uall [42ms]
2025-01-16 14:03:24.203 [info] > git config --get commit.template [5ms]
2025-01-16 14:03:24.205 [info] > git for-each-ref --format=%(refname)%00%(upstream:short)%00%(objectname)%00%(upstream:track)%00%(upstream:remotename)%00%(upstream:remoteref) refs/heads/main refs/remotes/main [2ms]
2025-01-16 14:03:24.258 [info] > git status -z -uall [48ms]
2025-01-16 14:03:29.283 [info] > git config --get commit.template [5ms]
2025-01-16 14:03:29.284 [info] > git for-each-ref --format=%(refname)%00%(upstream:short)%00%(objectname)%00%(upstream:track)%00%(upstream:remotename)%00%(upstream:remoteref) refs/heads/main refs/remotes/main [2ms]
2025-01-16 14:03:29.333 [info] > git status -z -uall [45ms]
2025-01-16 14:03:34.358 [info] > git config --get commit.template [6ms]
2025-01-16 14:03:34.358 [info] > git for-each-ref --format=%(refname)%00%(upstream:short)%00%(objectname)%00%(upstream:track)%00%(upstream:remotename)%00%(upstream:remoteref) refs/heads/main refs/remotes/main [1ms]
2025-01-16 14:03:34.407 [info] > git status -z -uall [45ms]
2025-01-16 14:03:39.430 [info] > git config --get commit.template [5ms]
2025-01-16 14:03:39.431 [info] > git for-each-ref --format=%(refname)%00%(upstream:short)%00%(objectname)%00%(upstream:track)%00%(upstream:remotename)%00%(upstream:remoteref) refs/heads/main refs/remotes/main [2ms]
2025-01-16 14:03:39.481 [info] > git status -z -uall [46ms]
2025-01-16 14:03:44.508 [info] > git config --get commit.template [6ms]
2025-01-16 14:03:44.509 [info] > git for-each-ref --format=%(refname)%00%(upstream:short)%00%(objectname)%00%(upstream:track)%00%(upstream:remotename)%00%(upstream:remoteref) refs/heads/main refs/remotes/main [2ms]
2025-01-16 14:03:44.556 [info] > git status -z -uall [44ms]
2025-01-16 14:03:49.581 [info] > git config --get commit.template [6ms]
2025-01-16 14:03:49.582 [info] > git for-each-ref --format=%(refname)%00%(upstream:short)%00%(objectname)%00%(upstream:track)%00%(upstream:remotename)%00%(upstream:remoteref) refs/heads/main refs/remotes/main [2ms]
2025-01-16 14:03:49.629 [info] > git status -z -uall [44ms]
2025-01-16 14:03:54.653 [info] > git config --get commit.template [6ms]
2025-01-16 14:03:54.654 [info] > git for-each-ref --format=%(refname)%00%(upstream:short)%00%(objectname)%00%(upstream:track)%00%(upstream:remotename)%00%(upstream:remoteref) refs/heads/main refs/remotes/main [2ms]
2025-01-16 14:03:54.704 [info] > git status -z -uall [46ms]
2025-01-16 14:03:59.723 [info] > git config --get commit.template [5ms]
2025-01-16 14:03:59.724 [info] > git for-each-ref --format=%(refname)%00%(upstream:short)%00%(objectname)%00%(upstream:track)%00%(upstream:remotename)%00%(upstream:remoteref) refs/heads/main refs/remotes/main [2ms]
2025-01-16 14:03:59.773 [info] > git status -z -uall [45ms]
2025-01-16 14:04:04.793 [info] > git config --get commit.template [5ms]
2025-01-16 14:04:04.794 [info] > git for-each-ref --format=%(refname)%00%(upstream:short)%00%(objectname)%00%(upstream:track)%00%(upstream:remotename)%00%(upstream:remoteref) refs/heads/main refs/remotes/main [2ms]
2025-01-16 14:04:04.845 [info] > git status -z -uall [48ms]
2025-01-16 14:04:09.866 [info] > git config --get commit.template [7ms]
2025-01-16 14:04:09.868 [info] > git for-each-ref --format=%(refname)%00%(upstream:short)%00%(objectname)%00%(upstream:track)%00%(upstream:remotename)%00%(upstream:remoteref) refs/heads/main refs/remotes/main [3ms]
2025-01-16 14:04:09.923 [info] > git status -z -uall [51ms]
2025-01-16 14:04:14.942 [info] > git config --get commit.template [2ms]
2025-01-16 14:04:14.948 [info] > git for-each-ref --format=%(refname)%00%(upstream:short)%00%(objectname)%00%(upstream:track)%00%(upstream:remotename)%00%(upstream:remoteref) refs/heads/main refs/remotes/main [2ms]
2025-01-16 14:04:14.998 [info] > git status -z -uall [46ms]
2025-01-16 14:04:20.020 [info] > git config --get commit.template [5ms]
2025-01-16 14:04:20.021 [info] > git for-each-ref --format=%(refname)%00%(upstream:short)%00%(objectname)%00%(upstream:track)%00%(upstream:remotename)%00%(upstream:remoteref) refs/heads/main refs/remotes/main [1ms]
2025-01-16 14:04:20.071 [info] > git status -z -uall [46ms]
2025-01-16 14:04:25.091 [info] > git config --get commit.template [5ms]
2025-01-16 14:04:25.092 [info] > git for-each-ref --format=%(refname)%00%(upstream:short)%00%(objectname)%00%(upstream:track)%00%(upstream:remotename)%00%(upstream:remoteref) refs/heads/main refs/remotes/main [2ms]
2025-01-16 14:04:25.145 [info] > git status -z -uall [49ms]
2025-01-16 14:05:46.092 [info] > git config --get commit.template [4ms]
2025-01-16 14:05:46.092 [info] > git for-each-ref --format=%(refname)%00%(upstream:short)%00%(objectname)%00%(upstream:track)%00%(upstream:remotename)%00%(upstream:remoteref) refs/heads/main refs/remotes/main [1ms]
2025-01-16 14:05:46.152 [info] > git status -z -uall [56ms]
2025-01-16 14:05:55.793 [info] > git config --get commit.template [8ms]
2025-01-16 14:05:55.794 [info] > git for-each-ref --format=%(refname)%00%(upstream:short)%00%(objectname)%00%(upstream:track)%00%(upstream:remotename)%00%(upstream:remoteref) refs/heads/main refs/remotes/main [2ms]
2025-01-16 14:05:55.844 [info] > git status -z -uall [46ms]
2025-01-16 14:06:00.865 [info] > git config --get commit.template [5ms]
2025-01-16 14:06:00.867 [info] > git for-each-ref --format=%(refname)%00%(upstream:short)%00%(objectname)%00%(upstream:track)%00%(upstream:remotename)%00%(upstream:remoteref) refs/heads/main refs/remotes/main [1ms]
2025-01-16 14:06:00.920 [info] > git status -z -uall [50ms]
2025-01-16 14:06:05.940 [info] > git config --get commit.template [5ms]
2025-01-16 14:06:05.941 [info] > git for-each-ref --format=%(refname)%00%(upstream:short)%00%(objectname)%00%(upstream:track)%00%(upstream:remotename)%00%(upstream:remoteref) refs/heads/main refs/remotes/main [2ms]
2025-01-16 14:06:05.993 [info] > git status -z -uall [47ms]
2025-01-16 14:06:11.014 [info] > git config --get commit.template [5ms]
2025-01-16 14:06:11.015 [info] > git for-each-ref --format=%(refname)%00%(upstream:short)%00%(objectname)%00%(upstream:track)%00%(upstream:remotename)%00%(upstream:remoteref) refs/heads/main refs/remotes/main [2ms]
2025-01-16 14:06:11.062 [info] > git status -z -uall [43ms]
2025-01-16 14:06:16.086 [info] > git config --get commit.template [5ms]
2025-01-16 14:06:16.087 [info] > git for-each-ref --format=%(refname)%00%(upstream:short)%00%(objectname)%00%(upstream:track)%00%(upstream:remotename)%00%(upstream:remoteref) refs/heads/main refs/remotes/main [2ms]
2025-01-16 14:06:16.137 [info] > git status -z -uall [45ms]
2025-01-16 14:06:21.159 [info] > git config --get commit.template [6ms]
2025-01-16 14:06:21.160 [info] > git for-each-ref --format=%(refname)%00%(upstream:short)%00%(objectname)%00%(upstream:track)%00%(upstream:remotename)%00%(upstream:remoteref) refs/heads/main refs/remotes/main [2ms]
2025-01-16 14:06:21.212 [info] > git status -z -uall [48ms]
2025-01-16 14:06:26.232 [info] > git config --get commit.template [6ms]
2025-01-16 14:06:26.233 [info] > git for-each-ref --format=%(refname)%00%(upstream:short)%00%(objectname)%00%(upstream:track)%00%(upstream:remotename)%00%(upstream:remoteref) refs/heads/main refs/remotes/main [2ms]
2025-01-16 14:06:26.278 [info] > git status -z -uall [42ms]
2025-01-16 14:06:31.300 [info] > git config --get commit.template [6ms]
2025-01-16 14:06:31.301 [info] > git for-each-ref --format=%(refname)%00%(upstream:short)%00%(objectname)%00%(upstream:track)%00%(upstream:remotename)%00%(upstream:remoteref) refs/heads/main refs/remotes/main [2ms]
2025-01-16 14:06:31.350 [info] > git status -z -uall [45ms]
2025-01-16 14:06:36.370 [info] > git config --get commit.template [5ms]
2025-01-16 14:06:36.372 [info] > git for-each-ref --format=%(refname)%00%(upstream:short)%00%(objectname)%00%(upstream:track)%00%(upstream:remotename)%00%(upstream:remoteref) refs/heads/main refs/remotes/main [2ms]
2025-01-16 14:06:36.421 [info] > git status -z -uall [45ms]
2025-01-16 14:06:41.443 [info] > git config --get commit.template [5ms]
2025-01-16 14:06:41.444 [info] > git for-each-ref --format=%(refname)%00%(upstream:short)%00%(objectname)%00%(upstream:track)%00%(upstream:remotename)%00%(upstream:remoteref) refs/heads/main refs/remotes/main [2ms]
2025-01-16 14:06:41.497 [info] > git status -z -uall [49ms]
2025-01-16 14:06:46.526 [info] > git config --get commit.template [6ms]
2025-01-16 14:06:46.527 [info] > git for-each-ref --format=%(refname)%00%(upstream:short)%00%(objectname)%00%(upstream:track)%00%(upstream:remotename)%00%(upstream:remoteref) refs/heads/main refs/remotes/main [2ms]
2025-01-16 14:06:46.573 [info] > git status -z -uall [41ms]
2025-01-16 14:06:51.594 [info] > git config --get commit.template [6ms]
2025-01-16 14:06:51.595 [info] > git for-each-ref --format=%(refname)%00%(upstream:short)%00%(objectname)%00%(upstream:track)%00%(upstream:remotename)%00%(upstream:remoteref) refs/heads/main refs/remotes/main [2ms]
2025-01-16 14:06:51.646 [info] > git status -z -uall [45ms]
2025-01-16 14:07:00.419 [info] > git config --get commit.template [8ms]
2025-01-16 14:07:00.420 [info] > git for-each-ref --format=%(refname)%00%(upstream:short)%00%(objectname)%00%(upstream:track)%00%(upstream:remotename)%00%(upstream:remoteref) refs/heads/main refs/remotes/main [1ms]
2025-01-16 14:07:00.486 [info] > git status -z -uall [59ms]
2025-01-16 14:07:05.516 [info] > git config --get commit.template [6ms]
2025-01-16 14:07:05.517 [info] > git for-each-ref --format=%(refname)%00%(upstream:short)%00%(objectname)%00%(upstream:track)%00%(upstream:remotename)%00%(upstream:remoteref) refs/heads/main refs/remotes/main [1ms]
2025-01-16 14:07:05.568 [info] > git status -z -uall [46ms]
