2025-01-16 14:10:45.724 [info] Log level: Info
2025-01-16 14:10:45.724 [info] Validating found git in: "git"
2025-01-16 14:10:45.724 [info] Using git "2.48.1" from "git"
2025-01-16 14:10:45.724 [info] > git rev-parse --show-toplevel [2ms]
2025-01-16 14:10:45.724 [info] > git rev-parse --git-dir --git-common-dir [2ms]
2025-01-16 14:10:45.724 [info] Open repository: /home/rbedit7/.config
2025-01-16 14:10:45.747 [info] > git config --get commit.template [20ms]
2025-01-16 14:10:45.764 [info] > git for-each-ref --format=%(refname)%00%(upstream:short)%00%(objectname)%00%(upstream:track)%00%(upstream:remotename)%00%(upstream:remoteref) refs/heads/main refs/remotes/main [1ms]
2025-01-16 14:10:45.819 [info] > git status -z -uall [52ms]
2025-01-16 14:10:45.848 [info] > git config --get commit.template [1ms]
2025-01-16 14:10:45.859 [info] > git for-each-ref --format=%(refname)%00%(upstream:short)%00%(objectname)%00%(upstream:track)%00%(upstream:remotename)%00%(upstream:remoteref) refs/heads/main refs/remotes/main [2ms]
2025-01-16 14:10:46.014 [info] > git status -z -uall [153ms]
2025-01-16 14:10:46.251 [info] > git check-ignore -v -z --stdin [1ms]
2025-01-16 14:10:46.366 [info] > git show --textconv :hypr/shortcuts.conf [6ms]
2025-01-16 14:10:46.368 [info] > git ls-files --stage -- /home/rbedit7/.config/hypr/shortcuts.conf [2ms]
2025-01-16 14:10:46.376 [info] > git cat-file -s 7bc76913e5feec8f9bf9a7d63ef310cb74df7f2f [4ms]
2025-01-16 14:10:49.599 [info] > git config --get commit.template [5ms]
2025-01-16 14:10:49.600 [info] > git for-each-ref --format=%(refname)%00%(upstream:short)%00%(objectname)%00%(upstream:track)%00%(upstream:remotename)%00%(upstream:remoteref) refs/heads/main refs/remotes/main [2ms]
2025-01-16 14:10:49.652 [info] > git status -z -uall [49ms]
2025-01-16 14:10:58.775 [info] > git config --get commit.template [10ms]
2025-01-16 14:10:58.776 [info] > git for-each-ref --format=%(refname)%00%(upstream:short)%00%(objectname)%00%(upstream:track)%00%(upstream:remotename)%00%(upstream:remoteref) refs/heads/main refs/remotes/main [3ms]
2025-01-16 14:10:58.827 [info] > git status -z -uall [46ms]
2025-01-16 14:11:04.445 [info] > git config --get commit.template [8ms]
2025-01-16 14:11:04.446 [info] > git for-each-ref --format=%(refname)%00%(upstream:short)%00%(objectname)%00%(upstream:track)%00%(upstream:remotename)%00%(upstream:remoteref) refs/heads/main refs/remotes/main [2ms]
2025-01-16 14:11:04.505 [info] > git status -z -uall [55ms]
2025-01-16 14:11:09.664 [info] > git config --get commit.template [6ms]
2025-01-16 14:11:09.665 [info] > git for-each-ref --format=%(refname)%00%(upstream:short)%00%(objectname)%00%(upstream:track)%00%(upstream:remotename)%00%(upstream:remoteref) refs/heads/main refs/remotes/main [2ms]
2025-01-16 14:11:09.714 [info] > git status -z -uall [45ms]
2025-01-16 14:11:14.740 [info] > git config --get commit.template [8ms]
2025-01-16 14:11:14.740 [info] > git for-each-ref --format=%(refname)%00%(upstream:short)%00%(objectname)%00%(upstream:track)%00%(upstream:remotename)%00%(upstream:remoteref) refs/heads/main refs/remotes/main [2ms]
2025-01-16 14:11:14.789 [info] > git status -z -uall [42ms]
2025-01-16 14:11:19.809 [info] > git config --get commit.template [2ms]
2025-01-16 14:11:19.816 [info] > git for-each-ref --format=%(refname)%00%(upstream:short)%00%(objectname)%00%(upstream:track)%00%(upstream:remotename)%00%(upstream:remoteref) refs/heads/main refs/remotes/main [1ms]
2025-01-16 14:11:19.868 [info] > git status -z -uall [47ms]
2025-01-16 14:11:24.892 [info] > git config --get commit.template [7ms]
2025-01-16 14:11:24.893 [info] > git for-each-ref --format=%(refname)%00%(upstream:short)%00%(objectname)%00%(upstream:track)%00%(upstream:remotename)%00%(upstream:remoteref) refs/heads/main refs/remotes/main [2ms]
2025-01-16 14:11:24.956 [info] > git status -z -uall [58ms]
2025-01-16 14:11:32.661 [info] > git config --get commit.template [7ms]
2025-01-16 14:11:32.662 [info] > git for-each-ref --format=%(refname)%00%(upstream:short)%00%(objectname)%00%(upstream:track)%00%(upstream:remotename)%00%(upstream:remoteref) refs/heads/main refs/remotes/main [3ms]
2025-01-16 14:11:32.718 [info] > git status -z -uall [51ms]
2025-01-16 14:11:37.735 [info] > git config --get commit.template [4ms]
2025-01-16 14:11:37.736 [info] > git for-each-ref --format=%(refname)%00%(upstream:short)%00%(objectname)%00%(upstream:track)%00%(upstream:remotename)%00%(upstream:remoteref) refs/heads/main refs/remotes/main [2ms]
2025-01-16 14:11:37.784 [info] > git status -z -uall [45ms]
2025-01-16 14:11:42.806 [info] > git config --get commit.template [5ms]
2025-01-16 14:11:42.807 [info] > git for-each-ref --format=%(refname)%00%(upstream:short)%00%(objectname)%00%(upstream:track)%00%(upstream:remotename)%00%(upstream:remoteref) refs/heads/main refs/remotes/main [2ms]
2025-01-16 14:11:42.859 [info] > git status -z -uall [47ms]
2025-01-16 14:11:44.811 [info] > git show --textconv :hypr/hyprland.conf [6ms]
2025-01-16 14:11:44.813 [info] > git ls-files --stage -- /home/rbedit7/.config/hypr/hyprland.conf [2ms]
2025-01-16 14:11:44.821 [info] > git cat-file -s f51def741c240b75436c55322c8aafa7538dacee [3ms]
2025-01-16 14:11:45.078 [info] > git check-ignore -v -z --stdin [2ms]
2025-01-16 14:11:47.882 [info] > git config --get commit.template [5ms]
2025-01-16 14:11:47.883 [info] > git for-each-ref --format=%(refname)%00%(upstream:short)%00%(objectname)%00%(upstream:track)%00%(upstream:remotename)%00%(upstream:remoteref) refs/heads/main refs/remotes/main [2ms]
2025-01-16 14:11:47.934 [info] > git status -z -uall [47ms]
2025-01-16 14:11:52.952 [info] > git config --get commit.template [1ms]
2025-01-16 14:11:52.959 [info] > git for-each-ref --format=%(refname)%00%(upstream:short)%00%(objectname)%00%(upstream:track)%00%(upstream:remotename)%00%(upstream:remoteref) refs/heads/main refs/remotes/main [2ms]
2025-01-16 14:11:53.018 [info] > git status -z -uall [53ms]
2025-01-16 14:11:58.043 [info] > git config --get commit.template [6ms]
2025-01-16 14:11:58.044 [info] > git for-each-ref --format=%(refname)%00%(upstream:short)%00%(objectname)%00%(upstream:track)%00%(upstream:remotename)%00%(upstream:remoteref) refs/heads/main refs/remotes/main [2ms]
2025-01-16 14:11:58.095 [info] > git status -z -uall [48ms]
